2026-06-02 14:58:47.861 [restartedMain] INFO  AnalyzeApplication - Starting AnalyzeApplication using Java 17.0.19 with PID 24864 (C:\Users\20200161\Desktop\PreCheck_work\Precheck_project\Precheck_SKSCh1\precheck_collect\analyze\build\classes\java\main started by 20200161 in C:\Users\20200161\Desktop\PreCheck_work\Precheck_project\Precheck_SKSCh1\precheck_collect\analyze)
2026-06-02 14:58:47.870 [restartedMain] INFO  AnalyzeApplication - The following 1 profile is active: "test"
2026-06-02 14:58:48.464 [restartedMain] INFO  PolicyLoader - 분석 정책 로딩 완료 - count: 101, path: C:\Users\20200161\Desktop\PreCheck_work\Precheck_project\Precheck_SKSCh1\precheck_collect\analyze\analyze_sample\PreCheck_AnalyzePolicy.conf
2026-06-02 14:58:48.702 [restartedMain] INFO  AnalyzeApplication - Started AnalyzeApplication in 1.245 seconds (process running for 1.62)
2026-06-02 14:58:48.712 [scheduling-1] INFO  AnalyzeScheduleParser - ==============================================================
2026-06-02 14:58:48.712 [scheduling-1] INFO  AnalyzeScheduleParser - ==============================================================
2026-06-02 14:58:48.712 [scheduling-1] INFO  AnalyzeScheduleParser - 분석 스케줄 파일 파싱 시작 - filePath: C:\Users\20200161\Desktop\PreCheck_work\Precheck_project\Precheck_SKSCh1\precheck_collect\analyze\schedule_sample\PreCheck_AnalyzeLogs_Schedule.conf, absolutePath: C:\Users\20200161\Desktop\PreCheck_work\Precheck_project\Precheck_SKSCh1\precheck_collect\analyze\schedule_sample\PreCheck_AnalyzeLogs_Schedule.conf
2026-06-02 14:58:48.714 [scheduling-1] INFO  AnalyzeScheduleParser - 분석 스케줄 파일 파싱 완료 - absolutePath: C:\Users\20200161\Desktop\PreCheck_work\Precheck_project\Precheck_SKSCh1\precheck_collect\analyze\schedule_sample\PreCheck_AnalyzeLogs_Schedule.conf, 유효 스케줄 건수: 6
2026-06-02 14:58:48.715 [scheduling-1] INFO  AnalyzeScheduleParser -   [1] serverId: dlprem01-테스트개발, sourceFilePath: null, type: 주기, day: 1-5, start: 000501, interval: 1, end: 230501
2026-06-02 14:58:48.715 [scheduling-1] INFO  AnalyzeScheduleParser -   [2] serverId: pamoap01-자동주문, sourceFilePath: null, type: 주기, day: 1-5, start: 080501, interval: 2, end: 190501
2026-06-02 14:58:48.715 [scheduling-1] INFO  AnalyzeScheduleParser -   [3] serverId: pqgetap1-시세포착1, sourceFilePath: null, type: 주기, day: 1-5, start: 080501, interval: 2, end: 190501
2026-06-02 14:58:48.715 [scheduling-1] INFO  AnalyzeScheduleParser -   [4] serverId: pqgetap1-시세포착2, sourceFilePath: null, type: 주기, day: 1-5, start: 080501, interval: 2, end: 190501
2026-06-02 14:58:48.716 [scheduling-1] INFO  AnalyzeScheduleParser -   [5] serverId: pjpsap01-주파수클럽, sourceFilePath: null, type: 주기, day: 1-5, start: 080501, interval: 2, end: 190501
2026-06-02 14:58:48.716 [scheduling-1] INFO  AnalyzeScheduleParser -   [6] serverId: pmaster2-마스터, sourceFilePath: null, type: 주기, day: 1-5, start: 080501, interval: 2, end: 190501
2026-06-02 14:58:48.721 [scheduling-1] INFO  AnalyzeScheduler - [[[주기 분석 실행 결정]]] - serverId: dlprem01-테스트개발, file: null, 간격: 1분, 894번째 실행, day: 1-5, start: 000501, end: 230501
2026-06-02 14:58:48.997 [scheduling-1] INFO  AnalyzeService - 분석 이력 등록 - historyId: 55, serverId: dlprem01-테스트개발, date: 20260602
2026-06-02 14:58:49.112 [scheduling-1] INFO  AnalyzeRetryService - 분석 완료 - 서버: dlprem01-테스트개발, 타입: 주기, 대상일: 20260602, 총: 63건, 에러: 10건, 경고: 3건
2026-06-02 14:59:49.129 [scheduling-1] INFO  AnalyzeScheduleParser - ==============================================================
2026-06-02 14:59:49.130 [scheduling-1] INFO  AnalyzeScheduleParser - ==============================================================
2026-06-02 14:59:49.130 [scheduling-1] INFO  AnalyzeScheduleParser - 분석 스케줄 파일 파싱 시작 - filePath: C:\Users\20200161\Desktop\PreCheck_work\Precheck_project\Precheck_SKSCh1\precheck_collect\analyze\schedule_sample\PreCheck_AnalyzeLogs_Schedule.conf, absolutePath: C:\Users\20200161\Desktop\PreCheck_work\Precheck_project\Precheck_SKSCh1\precheck_collect\analyze\schedule_sample\PreCheck_AnalyzeLogs_Schedule.conf
2026-06-02 14:59:49.131 [scheduling-1] INFO  AnalyzeScheduleParser - 분석 스케줄 파일 파싱 완료 - absolutePath: C:\Users\20200161\Desktop\PreCheck_work\Precheck_project\Precheck_SKSCh1\precheck_collect\analyze\schedule_sample\PreCheck_AnalyzeLogs_Schedule.conf, 유효 스케줄 건수: 6
2026-06-02 14:59:49.131 [scheduling-1] INFO  AnalyzeScheduleParser -   [1] serverId: dlprem01-테스트개발, sourceFilePath: null, type: 주기, day: 1-5, start: 000501, interval: 1, end: 230501
2026-06-02 14:59:49.131 [scheduling-1] INFO  AnalyzeScheduleParser -   [2] serverId: pamoap01-자동주문, sourceFilePath: null, type: 주기, day: 1-5, start: 080501, interval: 2, end: 190501
2026-06-02 14:59:49.131 [scheduling-1] INFO  AnalyzeScheduleParser -   [3] serverId: pqgetap1-시세포착1, sourceFilePath: null, type: 주기, day: 1-5, start: 080501, interval: 2, end: 190501
2026-06-02 14:59:49.131 [scheduling-1] INFO  AnalyzeScheduleParser -   [4] serverId: pqgetap1-시세포착2, sourceFilePath: null, type: 주기, day: 1-5, start: 080501, interval: 2, end: 190501
2026-06-02 14:59:49.131 [scheduling-1] INFO  AnalyzeScheduleParser -   [5] serverId: pjpsap01-주파수클럽, sourceFilePath: null, type: 주기, day: 1-5, start: 080501, interval: 2, end: 190501
2026-06-02 14:59:49.131 [scheduling-1] INFO  AnalyzeScheduleParser -   [6] serverId: pmaster2-마스터, sourceFilePath: null, type: 주기, day: 1-5, start: 080501, interval: 2, end: 190501
2026-06-02 14:59:49.131 [scheduling-1] INFO  AnalyzeScheduler - [[[주기 분석 실행 결정]]] - serverId: dlprem01-테스트개발, file: null, 간격: 1분, 895번째 실행, day: 1-5, start: 000501, end: 230501
2026-06-02 14:59:49.139 [scheduling-1] INFO  AnalyzeService - 분석 이력 등록 - historyId: 56, serverId: dlprem01-테스트개발, date: 20260602
2026-06-02 14:59:49.142 [scheduling-1] INFO  AnalyzeRetryService - 분석 완료 - 서버: dlprem01-테스트개발, 타입: 주기, 대상일: 20260602, 총: 0건, 에러: 0건, 경고: 0건
2026-06-02 14:59:49.145 [scheduling-1] INFO  AnalyzeScheduler - [[[주기 분석 실행 결정]]] - serverId: pamoap01-자동주문, file: null, 간격: 2분, 208번째 실행, day: 1-5, start: 080501, end: 190501
2026-06-02 14:59:49.146 [scheduling-1] INFO  AnalyzeService - 분석 이력 등록 - historyId: 57, serverId: pamoap01-자동주문, date: 20260602
2026-06-02 14:59:49.197 [scheduling-1] INFO  AnalyzeRetryService - 분석 완료 - 서버: pamoap01-자동주문, 타입: 주기, 대상일: 20260602, 총: 83건, 에러: 0건, 경고: 0건
2026-06-02 14:59:49.197 [scheduling-1] INFO  AnalyzeScheduler - [[[주기 분석 실행 결정]]] - serverId: pqgetap1-시세포착1, file: null, 간격: 2분, 208번째 실행, day: 1-5, start: 080501, end: 190501
2026-06-02 14:59:49.197 [scheduling-1] INFO  AnalyzeService - 분석 이력 등록 - historyId: 58, serverId: pqgetap1-시세포착1, date: 20260602
2026-06-02 14:59:49.197 [scheduling-1] INFO  AnalyzeRetryService - 분석 완료 - 서버: pqgetap1-시세포착1, 타입: 주기, 대상일: 20260602, 총: 5건, 에러: 0건, 경고: 0건
2026-06-02 14:59:49.197 [scheduling-1] INFO  AnalyzeScheduler - [[[주기 분석 실행 결정]]] - serverId: pqgetap1-시세포착2, file: null, 간격: 2분, 208번째 실행, day: 1-5, start: 080501, end: 190501
2026-06-02 14:59:49.210 [scheduling-1] INFO  AnalyzeService - 분석 이력 등록 - historyId: 59, serverId: pqgetap1-시세포착2, date: 20260602
2026-06-02 14:59:49.215 [scheduling-1] INFO  AnalyzeRetryService - 분석 완료 - 서버: pqgetap1-시세포착2, 타입: 주기, 대상일: 20260602, 총: 5건, 에러: 0건, 경고: 0건
2026-06-02 14:59:49.215 [scheduling-1] INFO  AnalyzeScheduler - [[[주기 분석 실행 결정]]] - serverId: pjpsap01-주파수클럽, file: null, 간격: 2분, 208번째 실행, day: 1-5, start: 080501, end: 190501
2026-06-02 14:59:49.216 [scheduling-1] INFO  AnalyzeService - 분석 이력 등록 - historyId: 60, serverId: pjpsap01-주파수클럽, date: 20260602
2026-06-02 14:59:49.222 [scheduling-1] INFO  AnalyzeRetryService - 분석 완료 - 서버: pjpsap01-주파수클럽, 타입: 주기, 대상일: 20260602, 총: 5건, 에러: 0건, 경고: 0건
2026-06-02 14:59:49.222 [scheduling-1] INFO  AnalyzeScheduler - [[[주기 분석 실행 결정]]] - serverId: pmaster2-마스터, file: null, 간격: 2분, 208번째 실행, day: 1-5, start: 080501, end: 190501
2026-06-02 14:59:49.222 [scheduling-1] INFO  AnalyzeService - 분석 이력 등록 - historyId: 61, serverId: pmaster2-마스터, date: 20260602
2026-06-02 14:59:49.229 [scheduling-1] INFO  AnalyzeRetryService - 분석 완료 - 서버: pmaster2-마스터, 타입: 주기, 대상일: 20260602, 총: 5건, 에러: 0건, 경고: 0건
2026-06-02 15:00:49.231 [scheduling-1] INFO  AnalyzeScheduleParser - ==============================================================
2026-06-02 15:00:49.232 [scheduling-1] INFO  AnalyzeScheduleParser - ==============================================================
2026-06-02 15:00:49.233 [scheduling-1] INFO  AnalyzeScheduleParser - 분석 스케줄 파일 파싱 시작 - filePath: C:\Users\20200161\Desktop\PreCheck_work\Precheck_project\Precheck_SKSCh1\precheck_collect\analyze\schedule_sample\PreCheck_AnalyzeLogs_Schedule.conf, absolutePath: C:\Users\20200161\Desktop\PreCheck_work\Precheck_project\Precheck_SKSCh1\precheck_collect\analyze\schedule_sample\PreCheck_AnalyzeLogs_Schedule.conf
2026-06-02 15:00:49.235 [scheduling-1] INFO  AnalyzeScheduleParser - 분석 스케줄 파일 파싱 완료 - absolutePath: C:\Users\20200161\Desktop\PreCheck_work\Precheck_project\Precheck_SKSCh1\precheck_collect\analyze\schedule_sample\PreCheck_AnalyzeLogs_Schedule.conf, 유효 스케줄 건수: 6
2026-06-02 15:00:49.236 [scheduling-1] INFO  AnalyzeScheduleParser -   [1] serverId: dlprem01-테스트개발, sourceFilePath: null, type: 주기, day: 1-5, start: 000501, interval: 1, end: 230501
2026-06-02 15:00:49.237 [scheduling-1] INFO  AnalyzeScheduleParser -   [2] serverId: pamoap01-자동주문, sourceFilePath: null, type: 주기, day: 1-5, start: 080501, interval: 2, end: 190501
2026-06-02 15:00:49.238 [scheduling-1] INFO  AnalyzeScheduleParser -   [3] serverId: pqgetap1-시세포착1, sourceFilePath: null, type: 주기, day: 1-5, start: 080501, interval: 2, end: 190501
2026-06-02 15:00:49.239 [scheduling-1] INFO  AnalyzeScheduleParser -   [4] serverId: pqgetap1-시세포착2, sourceFilePath: null, type: 주기, day: 1-5, start: 080501, interval: 2, end: 190501
2026-06-02 15:00:49.239 [scheduling-1] INFO  AnalyzeScheduleParser -   [5] serverId: pjpsap01-주파수클럽, sourceFilePath: null, type: 주기, day: 1-5, start: 080501, interval: 2, end: 190501
2026-06-02 15:00:49.240 [scheduling-1] INFO  AnalyzeScheduleParser -   [6] serverId: pmaster2-마스터, sourceFilePath: null, type: 주기, day: 1-5, start: 080501, interval: 2, end: 190501
2026-06-02 15:00:49.240 [scheduling-1] INFO  AnalyzeScheduler - [[[주기 분석 실행 결정]]] - serverId: dlprem01-테스트개발, file: null, 간격: 1분, 896번째 실행, day: 1-5, start: 000501, end: 230501
2026-06-02 15:00:49.244 [scheduling-1] INFO  AnalyzeService - 분석 이력 등록 - historyId: 62, serverId: dlprem01-테스트개발, date: 20260602
2026-06-02 15:00:49.249 [scheduling-1] INFO  AnalyzeRetryService - 분석 완료 - 서버: dlprem01-테스트개발, 타입: 주기, 대상일: 20260602, 총: 0건, 에러: 0건, 경고: 0건
2026-06-02 15:08:24.066 [restartedMain] INFO  AnalyzeApplication - Starting AnalyzeApplication using Java 17.0.19 with PID 10628 (C:\Users\20200161\Desktop\PreCheck_work\Precheck_project\Precheck_SKSCh1\precheck_collect\analyze\build\classes\java\main started by 20200161 in C:\Users\20200161\Desktop\PreCheck_work\Precheck_project\Precheck_SKSCh1\precheck_collect\analyze)
2026-06-02 15:08:24.068 [restartedMain] INFO  AnalyzeApplication - The following 1 profile is active: "test"
2026-06-02 15:08:24.600 [restartedMain] INFO  PolicyLoader - 분석 정책 로딩 완료 - count: 101, path: C:\Users\20200161\Desktop\PreCheck_work\Precheck_project\Precheck_SKSCh1\precheck_collect\analyze\analyze_sample\PreCheck_AnalyzePolicy.conf
2026-06-02 15:08:24.829 [restartedMain] INFO  AnalyzeApplication - Started AnalyzeApplication in 1.155 seconds (process running for 1.673)
2026-06-02 15:08:24.846 [scheduling-1] INFO  AnalyzeScheduleParser - ==============================================================
2026-06-02 15:08:24.847 [scheduling-1] INFO  AnalyzeScheduleParser - ==============================================================
2026-06-02 15:08:24.847 [scheduling-1] INFO  AnalyzeScheduleParser - 분석 스케줄 파일 파싱 시작 - filePath: C:\Users\20200161\Desktop\PreCheck_work\Precheck_project\Precheck_SKSCh1\precheck_collect\analyze\schedule_sample\PreCheck_AnalyzeLogs_Schedule.conf, absolutePath: C:\Users\20200161\Desktop\PreCheck_work\Precheck_project\Precheck_SKSCh1\precheck_collect\analyze\schedule_sample\PreCheck_AnalyzeLogs_Schedule.conf
2026-06-02 15:08:24.849 [scheduling-1] INFO  AnalyzeScheduleParser - 분석 스케줄 파일 파싱 완료 - absolutePath: C:\Users\20200161\Desktop\PreCheck_work\Precheck_project\Precheck_SKSCh1\precheck_collect\analyze\schedule_sample\PreCheck_AnalyzeLogs_Schedule.conf, 유효 스케줄 건수: 6
2026-06-02 15:08:24.849 [scheduling-1] INFO  AnalyzeScheduleParser -   [1] serverId: dlprem01-테스트개발, sourceFilePath: null, type: 주기, day: 1-5, start: 000501, interval: 1, end: 230501
2026-06-02 15:08:24.849 [scheduling-1] INFO  AnalyzeScheduleParser -   [2] serverId: pamoap01-자동주문, sourceFilePath: null, type: 주기, day: 1-5, start: 080501, interval: 2, end: 190501
2026-06-02 15:08:24.849 [scheduling-1] INFO  AnalyzeScheduleParser -   [3] serverId: pqgetap1-시세포착1, sourceFilePath: null, type: 주기, day: 1-5, start: 080501, interval: 2, end: 190501
2026-06-02 15:08:24.850 [scheduling-1] INFO  AnalyzeScheduleParser -   [4] serverId: pqgetap1-시세포착2, sourceFilePath: null, type: 주기, day: 1-5, start: 080501, interval: 2, end: 190501
2026-06-02 15:08:24.850 [scheduling-1] INFO  AnalyzeScheduleParser -   [5] serverId: pjpsap01-주파수클럽, sourceFilePath: null, type: 주기, day: 1-5, start: 080501, interval: 2, end: 190501
2026-06-02 15:08:24.850 [scheduling-1] INFO  AnalyzeScheduleParser -   [6] serverId: pmaster2-마스터, sourceFilePath: null, type: 주기, day: 1-5, start: 080501, interval: 2, end: 190501
2026-06-02 15:08:24.851 [scheduling-1] INFO  AnalyzeScheduler - [[[주기 분석 실행 결정]]] - serverId: dlprem01-테스트개발, file: null, 간격: 1분, 904번째 실행, day: 1-5, start: 000501, end: 230501
2026-06-02 15:08:25.081 [scheduling-1] INFO  AnalyzeService - 분석 이력 등록 - historyId: 63, serverId: dlprem01-테스트개발, date: 20260602
2026-06-02 15:08:25.167 [scheduling-1] INFO  AnalyzeRetryService - 분석 완료 - 서버: dlprem01-테스트개발, 타입: 주기, 대상일: 20260602, 총: 63건, 에러: 10건, 경고: 3건
2026-06-02 15:09:25.169 [scheduling-1] INFO  AnalyzeScheduleParser - ==============================================================
2026-06-02 15:09:25.170 [scheduling-1] INFO  AnalyzeScheduleParser - ==============================================================
2026-06-02 15:09:25.171 [scheduling-1] INFO  AnalyzeScheduleParser - 분석 스케줄 파일 파싱 시작 - filePath: C:\Users\20200161\Desktop\PreCheck_work\Precheck_project\Precheck_SKSCh1\precheck_collect\analyze\schedule_sample\PreCheck_AnalyzeLogs_Schedule.conf, absolutePath: C:\Users\20200161\Desktop\PreCheck_work\Precheck_project\Precheck_SKSCh1\precheck_collect\analyze\schedule_sample\PreCheck_AnalyzeLogs_Schedule.conf
2026-06-02 15:09:25.174 [scheduling-1] INFO  AnalyzeScheduleParser - 분석 스케줄 파일 파싱 완료 - absolutePath: C:\Users\20200161\Desktop\PreCheck_work\Precheck_project\Precheck_SKSCh1\precheck_collect\analyze\schedule_sample\PreCheck_AnalyzeLogs_Schedule.conf, 유효 스케줄 건수: 6
2026-06-02 15:09:25.175 [scheduling-1] INFO  AnalyzeScheduleParser -   [1] serverId: dlprem01-테스트개발, sourceFilePath: null, type: 주기, day: 1-5, start: 000501, interval: 1, end: 230501
2026-06-02 15:09:25.176 [scheduling-1] INFO  AnalyzeScheduleParser -   [2] serverId: pamoap01-자동주문, sourceFilePath: null, type: 주기, day: 1-5, start: 080501, interval: 2, end: 190501
2026-06-02 15:09:25.177 [scheduling-1] INFO  AnalyzeScheduleParser -   [3] serverId: pqgetap1-시세포착1, sourceFilePath: null, type: 주기, day: 1-5, start: 080501, interval: 2, end: 190501
2026-06-02 15:09:25.178 [scheduling-1] INFO  AnalyzeScheduleParser -   [4] serverId: pqgetap1-시세포착2, sourceFilePath: null, type: 주기, day: 1-5, start: 080501, interval: 2, end: 190501
2026-06-02 15:09:25.178 [scheduling-1] INFO  AnalyzeScheduleParser -   [5] serverId: pjpsap01-주파수클럽, sourceFilePath: null, type: 주기, day: 1-5, start: 080501, interval: 2, end: 190501
2026-06-02 15:09:25.179 [scheduling-1] INFO  AnalyzeScheduleParser -   [6] serverId: pmaster2-마스터, sourceFilePath: null, type: 주기, day: 1-5, start: 080501, interval: 2, end: 190501
2026-06-02 15:09:25.180 [scheduling-1] INFO  AnalyzeScheduler - [[[주기 분석 실행 결정]]] - serverId: dlprem01-테스트개발, file: null, 간격: 1분, 905번째 실행, day: 1-5, start: 000501, end: 230501
2026-06-02 15:09:25.185 [scheduling-1] INFO  AnalyzeService - 분석 이력 등록 - historyId: 64, serverId: dlprem01-테스트개발, date: 20260602
2026-06-02 15:09:25.189 [scheduling-1] INFO  AnalyzeRetryService - 분석 완료 - 서버: dlprem01-테스트개발, 타입: 주기, 대상일: 20260602, 총: 0건, 에러: 0건, 경고: 0건
2026-06-02 15:09:25.189 [scheduling-1] INFO  AnalyzeScheduler - [[[주기 분석 실행 결정]]] - serverId: pamoap01-자동주문, file: null, 간격: 2분, 213번째 실행, day: 1-5, start: 080501, end: 190501
2026-06-02 15:09:25.190 [scheduling-1] INFO  AnalyzeService - 분석 이력 등록 - historyId: 65, serverId: pamoap01-자동주문, date: 20260602
2026-06-02 15:09:25.248 [scheduling-1] INFO  AnalyzeRetryService - 분석 완료 - 서버: pamoap01-자동주문, 타입: 주기, 대상일: 20260602, 총: 83건, 에러: 25건, 경고: 3건
2026-06-02 15:09:25.248 [scheduling-1] INFO  AnalyzeScheduler - [[[주기 분석 실행 결정]]] - serverId: pqgetap1-시세포착1, file: null, 간격: 2분, 213번째 실행, day: 1-5, start: 080501, end: 190501
2026-06-02 15:09:25.249 [scheduling-1] INFO  AnalyzeService - 분석 이력 등록 - historyId: 66, serverId: pqgetap1-시세포착1, date: 20260602
2026-06-02 15:09:25.253 [scheduling-1] INFO  AnalyzeRetryService - 분석 완료 - 서버: pqgetap1-시세포착1, 타입: 주기, 대상일: 20260602, 총: 5건, 에러: 0건, 경고: 0건
2026-06-02 15:09:25.253 [scheduling-1] INFO  AnalyzeScheduler - [[[주기 분석 실행 결정]]] - serverId: pqgetap1-시세포착2, file: null, 간격: 2분, 213번째 실행, day: 1-5, start: 080501, end: 190501
2026-06-02 15:09:25.254 [scheduling-1] INFO  AnalyzeService - 분석 이력 등록 - historyId: 67, serverId: pqgetap1-시세포착2, date: 20260602
2026-06-02 15:09:25.258 [scheduling-1] INFO  AnalyzeRetryService - 분석 완료 - 서버: pqgetap1-시세포착2, 타입: 주기, 대상일: 20260602, 총: 5건, 에러: 0건, 경고: 0건
2026-06-02 15:09:25.259 [scheduling-1] INFO  AnalyzeScheduler - [[[주기 분석 실행 결정]]] - serverId: pjpsap01-주파수클럽, file: null, 간격: 2분, 213번째 실행, day: 1-5, start: 080501, end: 190501
2026-06-02 15:09:25.259 [scheduling-1] INFO  AnalyzeService - 분석 이력 등록 - historyId: 68, serverId: pjpsap01-주파수클럽, date: 20260602
2026-06-02 15:09:25.263 [scheduling-1] INFO  AnalyzeRetryService - 분석 완료 - 서버: pjpsap01-주파수클럽, 타입: 주기, 대상일: 20260602, 총: 5건, 에러: 0건, 경고: 0건
2026-06-02 15:09:25.263 [scheduling-1] INFO  AnalyzeScheduler - [[[주기 분석 실행 결정]]] - serverId: pmaster2-마스터, file: null, 간격: 2분, 213번째 실행, day: 1-5, start: 080501, end: 190501
2026-06-02 15:09:25.264 [scheduling-1] INFO  AnalyzeService - 분석 이력 등록 - historyId: 69, serverId: pmaster2-마스터, date: 20260602
2026-06-02 15:09:25.268 [scheduling-1] INFO  AnalyzeRetryService - 분석 완료 - 서버: pmaster2-마스터, 타입: 주기, 대상일: 20260602, 총: 5건, 에러: 0건, 경고: 0건
2026-06-02 15:10:25.270 [scheduling-1] INFO  AnalyzeScheduleParser - ==============================================================
2026-06-02 15:10:25.270 [scheduling-1] INFO  AnalyzeScheduleParser - ==============================================================
2026-06-02 15:10:25.271 [scheduling-1] INFO  AnalyzeScheduleParser - 분석 스케줄 파일 파싱 시작 - filePath: C:\Users\20200161\Desktop\PreCheck_work\Precheck_project\Precheck_SKSCh1\precheck_collect\analyze\schedule_sample\PreCheck_AnalyzeLogs_Schedule.conf, absolutePath: C:\Users\20200161\Desktop\PreCheck_work\Precheck_project\Precheck_SKSCh1\precheck_collect\analyze\schedule_sample\PreCheck_AnalyzeLogs_Schedule.conf
2026-06-02 15:10:25.272 [scheduling-1] INFO  AnalyzeScheduleParser - 분석 스케줄 파일 파싱 완료 - absolutePath: C:\Users\20200161\Desktop\PreCheck_work\Precheck_project\Precheck_SKSCh1\precheck_collect\analyze\schedule_sample\PreCheck_AnalyzeLogs_Schedule.conf, 유효 스케줄 건수: 6
2026-06-02 15:10:25.272 [scheduling-1] INFO  AnalyzeScheduleParser -   [1] serverId: dlprem01-테스트개발, sourceFilePath: null, type: 주기, day: 1-5, start: 000501, interval: 1, end: 230501
2026-06-02 15:10:25.272 [scheduling-1] INFO  AnalyzeScheduleParser -   [2] serverId: pamoap01-자동주문, sourceFilePath: null, type: 주기, day: 1-5, start: 080501, interval: 2, end: 190501
2026-06-02 15:10:25.272 [scheduling-1] INFO  AnalyzeScheduleParser -   [3] serverId: pqgetap1-시세포착1, sourceFilePath: null, type: 주기, day: 1-5, start: 080501, interval: 2, end: 190501
2026-06-02 15:10:25.272 [scheduling-1] INFO  AnalyzeScheduleParser -   [4] serverId: pqgetap1-시세포착2, sourceFilePath: null, type: 주기, day: 1-5, start: 080501, interval: 2, end: 190501
2026-06-02 15:10:25.272 [scheduling-1] INFO  AnalyzeScheduleParser -   [5] serverId: pjpsap01-주파수클럽, sourceFilePath: null, type: 주기, day: 1-5, start: 080501, interval: 2, end: 190501
2026-06-02 15:10:25.273 [scheduling-1] INFO  AnalyzeScheduleParser -   [6] serverId: pmaster2-마스터, sourceFilePath: null, type: 주기, day: 1-5, start: 080501, interval: 2, end: 190501
2026-06-02 15:10:25.273 [scheduling-1] INFO  AnalyzeScheduler - [[[주기 분석 실행 결정]]] - serverId: dlprem01-테스트개발, file: null, 간격: 1분, 906번째 실행, day: 1-5, start: 000501, end: 230501
2026-06-02 15:10:25.277 [scheduling-1] INFO  AnalyzeService - 분석 이력 등록 - historyId: 70, serverId: dlprem01-테스트개발, date: 20260602
2026-06-02 15:10:25.283 [scheduling-1] INFO  AnalyzeRetryService - 분석 완료 - 서버: dlprem01-테스트개발, 타입: 주기, 대상일: 20260602, 총: 0건, 에러: 0건, 경고: 0건
2026-06-02 15:11:25.285 [scheduling-1] INFO  AnalyzeScheduleParser - ==============================================================
2026-06-02 15:11:25.286 [scheduling-1] INFO  AnalyzeScheduleParser - ==============================================================
2026-06-02 15:11:25.287 [scheduling-1] INFO  AnalyzeScheduleParser - 분석 스케줄 파일 파싱 시작 - filePath: C:\Users\20200161\Desktop\PreCheck_work\Precheck_project\Precheck_SKSCh1\precheck_collect\analyze\schedule_sample\PreCheck_AnalyzeLogs_Schedule.conf, absolutePath: C:\Users\20200161\Desktop\PreCheck_work\Precheck_project\Precheck_SKSCh1\precheck_collect\analyze\schedule_sample\PreCheck_AnalyzeLogs_Schedule.conf
2026-06-02 15:11:25.287 [scheduling-1] INFO  AnalyzeScheduleParser - 분석 스케줄 파일 파싱 완료 - absolutePath: C:\Users\20200161\Desktop\PreCheck_work\Precheck_project\Precheck_SKSCh1\precheck_collect\analyze\schedule_sample\PreCheck_AnalyzeLogs_Schedule.conf, 유효 스케줄 건수: 6
2026-06-02 15:11:25.287 [scheduling-1] INFO  AnalyzeScheduleParser -   [1] serverId: dlprem01-테스트개발, sourceFilePath: null, type: 주기, day: 1-5, start: 000501, interval: 1, end: 230501
2026-06-02 15:11:25.287 [scheduling-1] INFO  AnalyzeScheduleParser -   [2] serverId: pamoap01-자동주문, sourceFilePath: null, type: 주기, day: 1-5, start: 080501, interval: 2, end: 190501
2026-06-02 15:11:25.287 [scheduling-1] INFO  AnalyzeScheduleParser -   [3] serverId: pqgetap1-시세포착1, sourceFilePath: null, type: 주기, day: 1-5, start: 080501, interval: 2, end: 190501
2026-06-02 15:11:25.287 [scheduling-1] INFO  AnalyzeScheduleParser -   [4] serverId: pqgetap1-시세포착2, sourceFilePath: null, type: 주기, day: 1-5, start: 080501, interval: 2, end: 190501
2026-06-02 15:11:25.293 [scheduling-1] INFO  AnalyzeScheduleParser -   [5] serverId: pjpsap01-주파수클럽, sourceFilePath: null, type: 주기, day: 1-5, start: 080501, interval: 2, end: 190501
2026-06-02 15:11:25.293 [scheduling-1] INFO  AnalyzeScheduleParser -   [6] serverId: pmaster2-마스터, sourceFilePath: null, type: 주기, day: 1-5, start: 080501, interval: 2, end: 190501
2026-06-02 15:11:25.294 [scheduling-1] INFO  AnalyzeScheduler - [[[주기 분석 실행 결정]]] - serverId: dlprem01-테스트개발, file: null, 간격: 1분, 907번째 실행, day: 1-5, start: 000501, end: 230501
2026-06-02 15:11:25.300 [scheduling-1] INFO  AnalyzeService - 분석 이력 등록 - historyId: 71, serverId: dlprem01-테스트개발, date: 20260602
2026-06-02 15:11:25.303 [scheduling-1] INFO  AnalyzeRetryService - 분석 완료 - 서버: dlprem01-테스트개발, 타입: 주기, 대상일: 20260602, 총: 0건, 에러: 0건, 경고: 0건
2026-06-02 15:11:25.303 [scheduling-1] INFO  AnalyzeScheduler - [[[주기 분석 실행 결정]]] - serverId: pamoap01-자동주문, file: null, 간격: 2분, 214번째 실행, day: 1-5, start: 080501, end: 190501
2026-06-02 15:11:25.304 [scheduling-1] INFO  AnalyzeService - 분석 이력 등록 - historyId: 72, serverId: pamoap01-자동주문, date: 20260602
2026-06-02 15:11:25.306 [scheduling-1] INFO  AnalyzeRetryService - 분석 완료 - 서버: pamoap01-자동주문, 타입: 주기, 대상일: 20260602, 총: 0건, 에러: 0건, 경고: 0건
2026-06-02 15:11:25.306 [scheduling-1] INFO  AnalyzeScheduler - [[[주기 분석 실행 결정]]] - serverId: pqgetap1-시세포착1, file: null, 간격: 2분, 214번째 실행, day: 1-5, start: 080501, end: 190501
2026-06-02 15:11:25.307 [scheduling-1] INFO  AnalyzeService - 분석 이력 등록 - historyId: 73, serverId: pqgetap1-시세포착1, date: 20260602
2026-06-02 15:11:25.309 [scheduling-1] INFO  AnalyzeRetryService - 분석 완료 - 서버: pqgetap1-시세포착1, 타입: 주기, 대상일: 20260602, 총: 0건, 에러: 0건, 경고: 0건
2026-06-02 15:11:25.309 [scheduling-1] INFO  AnalyzeScheduler - [[[주기 분석 실행 결정]]] - serverId: pqgetap1-시세포착2, file: null, 간격: 2분, 214번째 실행, day: 1-5, start: 080501, end: 190501
2026-06-02 15:11:25.310 [scheduling-1] INFO  AnalyzeService - 분석 이력 등록 - historyId: 74, serverId: pqgetap1-시세포착2, date: 20260602
2026-06-02 15:11:25.311 [scheduling-1] INFO  AnalyzeRetryService - 분석 완료 - 서버: pqgetap1-시세포착2, 타입: 주기, 대상일: 20260602, 총: 0건, 에러: 0건, 경고: 0건
2026-06-02 15:11:25.312 [scheduling-1] INFO  AnalyzeScheduler - [[[주기 분석 실행 결정]]] - serverId: pjpsap01-주파수클럽, file: null, 간격: 2분, 214번째 실행, day: 1-5, start: 080501, end: 190501
2026-06-02 15:11:25.312 [scheduling-1] INFO  AnalyzeService - 분석 이력 등록 - historyId: 75, serverId: pjpsap01-주파수클럽, date: 20260602
2026-06-02 15:11:25.314 [scheduling-1] INFO  AnalyzeRetryService - 분석 완료 - 서버: pjpsap01-주파수클럽, 타입: 주기, 대상일: 20260602, 총: 0건, 에러: 0건, 경고: 0건
2026-06-02 15:11:25.315 [scheduling-1] INFO  AnalyzeScheduler - [[[주기 분석 실행 결정]]] - serverId: pmaster2-마스터, file: null, 간격: 2분, 214번째 실행, day: 1-5, start: 080501, end: 190501
2026-06-02 15:11:25.315 [scheduling-1] INFO  AnalyzeService - 분석 이력 등록 - historyId: 76, serverId: pmaster2-마스터, date: 20260602
2026-06-02 15:11:25.318 [scheduling-1] INFO  AnalyzeRetryService - 분석 완료 - 서버: pmaster2-마스터, 타입: 주기, 대상일: 20260602, 총: 0건, 에러: 0건, 경고: 0건
2026-06-02 15:12:25.319 [scheduling-1] INFO  AnalyzeScheduleParser - ==============================================================
2026-06-02 15:12:25.320 [scheduling-1] INFO  AnalyzeScheduleParser - ==============================================================
2026-06-02 15:12:25.320 [scheduling-1] INFO  AnalyzeScheduleParser - 분석 스케줄 파일 파싱 시작 - filePath: C:\Users\20200161\Desktop\PreCheck_work\Precheck_project\Precheck_SKSCh1\precheck_collect\analyze\schedule_sample\PreCheck_AnalyzeLogs_Schedule.conf, absolutePath: C:\Users\20200161\Desktop\PreCheck_work\Precheck_project\Precheck_SKSCh1\precheck_collect\analyze\schedule_sample\PreCheck_AnalyzeLogs_Schedule.conf
2026-06-02 15:12:25.323 [scheduling-1] INFO  AnalyzeScheduleParser - 분석 스케줄 파일 파싱 완료 - absolutePath: C:\Users\20200161\Desktop\PreCheck_work\Precheck_project\Precheck_SKSCh1\precheck_collect\analyze\schedule_sample\PreCheck_AnalyzeLogs_Schedule.conf, 유효 스케줄 건수: 6
2026-06-02 15:12:25.323 [scheduling-1] INFO  AnalyzeScheduleParser -   [1] serverId: dlprem01-테스트개발, sourceFilePath: null, type: 주기, day: 1-5, start: 000501, interval: 1, end: 230501
2026-06-02 15:12:25.324 [scheduling-1] INFO  AnalyzeScheduleParser -   [2] serverId: pamoap01-자동주문, sourceFilePath: null, type: 주기, day: 1-5, start: 080501, interval: 2, end: 190501
2026-06-02 15:12:25.324 [scheduling-1] INFO  AnalyzeScheduleParser -   [3] serverId: pqgetap1-시세포착1, sourceFilePath: null, type: 주기, day: 1-5, start: 080501, interval: 2, end: 190501
2026-06-02 15:12:25.325 [scheduling-1] INFO  AnalyzeScheduleParser -   [4] serverId: pqgetap1-시세포착2, sourceFilePath: null, type: 주기, day: 1-5, start: 080501, interval: 2, end: 190501
2026-06-02 15:12:25.326 [scheduling-1] INFO  AnalyzeScheduleParser -   [5] serverId: pjpsap01-주파수클럽, sourceFilePath: null, type: 주기, day: 1-5, start: 080501, interval: 2, end: 190501
2026-06-02 15:12:25.327 [scheduling-1] INFO  AnalyzeScheduleParser -   [6] serverId: pmaster2-마스터, sourceFilePath: null, type: 주기, day: 1-5, start: 080501, interval: 2, end: 190501
2026-06-02 15:12:25.328 [scheduling-1] INFO  AnalyzeScheduler - [[[주기 분석 실행 결정]]] - serverId: dlprem01-테스트개발, file: null, 간격: 1분, 908번째 실행, day: 1-5, start: 000501, end: 230501
2026-06-02 15:12:25.335 [scheduling-1] INFO  AnalyzeService - 분석 이력 등록 - historyId: 77, serverId: dlprem01-테스트개발, date: 20260602
2026-06-02 15:12:25.337 [scheduling-1] INFO  AnalyzeRetryService - 분석 완료 - 서버: dlprem01-테스트개발, 타입: 주기, 대상일: 20260602, 총: 0건, 에러: 0건, 경고: 0건
2026-06-02 15:13:25.338 [scheduling-1] INFO  AnalyzeScheduleParser - ==============================================================
2026-06-02 15:13:25.339 [scheduling-1] INFO  AnalyzeScheduleParser - ==============================================================
2026-06-02 15:13:25.339 [scheduling-1] INFO  AnalyzeScheduleParser - 분석 스케줄 파일 파싱 시작 - filePath: C:\Users\20200161\Desktop\PreCheck_work\Precheck_project\Precheck_SKSCh1\precheck_collect\analyze\schedule_sample\PreCheck_AnalyzeLogs_Schedule.conf, absolutePath: C:\Users\20200161\Desktop\PreCheck_work\Precheck_project\Precheck_SKSCh1\precheck_collect\analyze\schedule_sample\PreCheck_AnalyzeLogs_Schedule.conf
2026-06-02 15:13:25.342 [scheduling-1] INFO  AnalyzeScheduleParser - 분석 스케줄 파일 파싱 완료 - absolutePath: C:\Users\20200161\Desktop\PreCheck_work\Precheck_project\Precheck_SKSCh1\precheck_collect\analyze\schedule_sample\PreCheck_AnalyzeLogs_Schedule.conf, 유효 스케줄 건수: 6
2026-06-02 15:13:25.342 [scheduling-1] INFO  AnalyzeScheduleParser -   [1] serverId: dlprem01-테스트개발, sourceFilePath: null, type: 주기, day: 1-5, start: 000501, interval: 1, end: 230501
2026-06-02 15:13:25.343 [scheduling-1] INFO  AnalyzeScheduleParser -   [2] serverId: pamoap01-자동주문, sourceFilePath: null, type: 주기, day: 1-5, start: 080501, interval: 2, end: 190501
2026-06-02 15:13:25.343 [scheduling-1] INFO  AnalyzeScheduleParser -   [3] serverId: pqgetap1-시세포착1, sourceFilePath: null, type: 주기, day: 1-5, start: 080501, interval: 2, end: 190501
2026-06-02 15:13:25.344 [scheduling-1] INFO  AnalyzeScheduleParser -   [4] serverId: pqgetap1-시세포착2, sourceFilePath: null, type: 주기, day: 1-5, start: 080501, interval: 2, end: 190501
2026-06-02 15:13:25.345 [scheduling-1] INFO  AnalyzeScheduleParser -   [5] serverId: pjpsap01-주파수클럽, sourceFilePath: null, type: 주기, day: 1-5, start: 080501, interval: 2, end: 190501
2026-06-02 15:13:25.345 [scheduling-1] INFO  AnalyzeScheduleParser -   [6] serverId: pmaster2-마스터, sourceFilePath: null, type: 주기, day: 1-5, start: 080501, interval: 2, end: 190501
2026-06-02 15:13:25.346 [scheduling-1] INFO  AnalyzeScheduler - [[[주기 분석 실행 결정]]] - serverId: dlprem01-테스트개발, file: null, 간격: 1분, 909번째 실행, day: 1-5, start: 000501, end: 230501
2026-06-02 15:13:25.354 [scheduling-1] INFO  AnalyzeService - 분석 이력 등록 - historyId: 78, serverId: dlprem01-테스트개발, date: 20260602
2026-06-02 15:13:25.360 [scheduling-1] INFO  AnalyzeRetryService - 분석 완료 - 서버: dlprem01-테스트개발, 타입: 주기, 대상일: 20260602, 총: 0건, 에러: 0건, 경고: 0건
2026-06-02 15:13:25.360 [scheduling-1] INFO  AnalyzeScheduler - [[[주기 분석 실행 결정]]] - serverId: pamoap01-자동주문, file: null, 간격: 2분, 215번째 실행, day: 1-5, start: 080501, end: 190501
2026-06-02 15:13:25.361 [scheduling-1] INFO  AnalyzeService - 분석 이력 등록 - historyId: 79, serverId: pamoap01-자동주문, date: 20260602
2026-06-02 15:13:25.362 [scheduling-1] INFO  AnalyzeRetryService - 분석 완료 - 서버: pamoap01-자동주문, 타입: 주기, 대상일: 20260602, 총: 0건, 에러: 0건, 경고: 0건
2026-06-02 15:13:25.363 [scheduling-1] INFO  AnalyzeScheduler - [[[주기 분석 실행 결정]]] - serverId: pqgetap1-시세포착1, file: null, 간격: 2분, 215번째 실행, day: 1-5, start: 080501, end: 190501
2026-06-02 15:13:25.364 [scheduling-1] INFO  AnalyzeService - 분석 이력 등록 - historyId: 80, serverId: pqgetap1-시세포착1, date: 20260602
2026-06-02 15:13:25.365 [scheduling-1] INFO  AnalyzeRetryService - 분석 완료 - 서버: pqgetap1-시세포착1, 타입: 주기, 대상일: 20260602, 총: 0건, 에러: 0건, 경고: 0건
2026-06-02 15:13:25.366 [scheduling-1] INFO  AnalyzeScheduler - [[[주기 분석 실행 결정]]] - serverId: pqgetap1-시세포착2, file: null, 간격: 2분, 215번째 실행, day: 1-5, start: 080501, end: 190501
2026-06-02 15:13:25.367 [scheduling-1] INFO  AnalyzeService - 분석 이력 등록 - historyId: 81, serverId: pqgetap1-시세포착2, date: 20260602
2026-06-02 15:13:25.368 [scheduling-1] INFO  AnalyzeRetryService - 분석 완료 - 서버: pqgetap1-시세포착2, 타입: 주기, 대상일: 20260602, 총: 0건, 에러: 0건, 경고: 0건
2026-06-02 15:13:25.369 [scheduling-1] INFO  AnalyzeScheduler - [[[주기 분석 실행 결정]]] - serverId: pjpsap01-주파수클럽, file: null, 간격: 2분, 215번째 실행, day: 1-5, start: 080501, end: 190501
2026-06-02 15:13:25.369 [scheduling-1] INFO  AnalyzeService - 분석 이력 등록 - historyId: 82, serverId: pjpsap01-주파수클럽, date: 20260602
2026-06-02 15:13:25.371 [scheduling-1] INFO  AnalyzeRetryService - 분석 완료 - 서버: pjpsap01-주파수클럽, 타입: 주기, 대상일: 20260602, 총: 0건, 에러: 0건, 경고: 0건
2026-06-02 15:13:25.371 [scheduling-1] INFO  AnalyzeScheduler - [[[주기 분석 실행 결정]]] - serverId: pmaster2-마스터, file: null, 간격: 2분, 215번째 실행, day: 1-5, start: 080501, end: 190501
2026-06-02 15:13:25.372 [scheduling-1] INFO  AnalyzeService - 분석 이력 등록 - historyId: 83, serverId: pmaster2-마스터, date: 20260602
2026-06-02 15:13:25.373 [scheduling-1] INFO  AnalyzeRetryService - 분석 완료 - 서버: pmaster2-마스터, 타입: 주기, 대상일: 20260602, 총: 0건, 에러: 0건, 경고: 0건
2026-06-02 15:14:25.376 [scheduling-1] INFO  AnalyzeScheduleParser - ==============================================================
2026-06-02 15:14:25.377 [scheduling-1] INFO  AnalyzeScheduleParser - ==============================================================
2026-06-02 15:14:25.377 [scheduling-1] INFO  AnalyzeScheduleParser - 분석 스케줄 파일 파싱 시작 - filePath: C:\Users\20200161\Desktop\PreCheck_work\Precheck_project\Precheck_SKSCh1\precheck_collect\analyze\schedule_sample\PreCheck_AnalyzeLogs_Schedule.conf, absolutePath: C:\Users\20200161\Desktop\PreCheck_work\Precheck_project\Precheck_SKSCh1\precheck_collect\analyze\schedule_sample\PreCheck_AnalyzeLogs_Schedule.conf
2026-06-02 15:14:25.378 [scheduling-1] INFO  AnalyzeScheduleParser - 분석 스케줄 파일 파싱 완료 - absolutePath: C:\Users\20200161\Desktop\PreCheck_work\Precheck_project\Precheck_SKSCh1\precheck_collect\analyze\schedule_sample\PreCheck_AnalyzeLogs_Schedule.conf, 유효 스케줄 건수: 6
2026-06-02 15:14:25.379 [scheduling-1] INFO  AnalyzeScheduleParser -   [1] serverId: dlprem01-테스트개발, sourceFilePath: null, type: 주기, day: 1-5, start: 000501, interval: 1, end: 230501
2026-06-02 15:14:25.379 [scheduling-1] INFO  AnalyzeScheduleParser -   [2] serverId: pamoap01-자동주문, sourceFilePath: null, type: 주기, day: 1-5, start: 080501, interval: 2, end: 190501
2026-06-02 15:14:25.379 [scheduling-1] INFO  AnalyzeScheduleParser -   [3] serverId: pqgetap1-시세포착1, sourceFilePath: null, type: 주기, day: 1-5, start: 080501, interval: 2, end: 190501
2026-06-02 15:14:25.379 [scheduling-1] INFO  AnalyzeScheduleParser -   [4] serverId: pqgetap1-시세포착2, sourceFilePath: null, type: 주기, day: 1-5, start: 080501, interval: 2, end: 190501
2026-06-02 15:14:25.379 [scheduling-1] INFO  AnalyzeScheduleParser -   [5] serverId: pjpsap01-주파수클럽, sourceFilePath: null, type: 주기, day: 1-5, start: 080501, interval: 2, end: 190501
2026-06-02 15:14:25.380 [scheduling-1] INFO  AnalyzeScheduleParser -   [6] serverId: pmaster2-마스터, sourceFilePath: null, type: 주기, day: 1-5, start: 080501, interval: 2, end: 190501
2026-06-02 15:14:25.380 [scheduling-1] INFO  AnalyzeScheduler - [[[주기 분석 실행 결정]]] - serverId: dlprem01-테스트개발, file: null, 간격: 1분, 910번째 실행, day: 1-5, start: 000501, end: 230501
2026-06-02 15:14:25.384 [scheduling-1] INFO  AnalyzeService - 분석 이력 등록 - historyId: 84, serverId: dlprem01-테스트개발, date: 20260602
2026-06-02 15:14:25.387 [scheduling-1] INFO  AnalyzeRetryService - 분석 완료 - 서버: dlprem01-테스트개발, 타입: 주기, 대상일: 20260602, 총: 0건, 에러: 0건, 경고: 0건
2026-06-02 15:15:25.389 [scheduling-1] INFO  AnalyzeScheduleParser - ==============================================================
2026-06-02 15:15:25.390 [scheduling-1] INFO  AnalyzeScheduleParser - ==============================================================
2026-06-02 15:15:25.391 [scheduling-1] INFO  AnalyzeScheduleParser - 분석 스케줄 파일 파싱 시작 - filePath: C:\Users\20200161\Desktop\PreCheck_work\Precheck_project\Precheck_SKSCh1\precheck_collect\analyze\schedule_sample\PreCheck_AnalyzeLogs_Schedule.conf, absolutePath: C:\Users\20200161\Desktop\PreCheck_work\Precheck_project\Precheck_SKSCh1\precheck_collect\analyze\schedule_sample\PreCheck_AnalyzeLogs_Schedule.conf
2026-06-02 15:15:25.393 [scheduling-1] INFO  AnalyzeScheduleParser - 분석 스케줄 파일 파싱 완료 - absolutePath: C:\Users\20200161\Desktop\PreCheck_work\Precheck_project\Precheck_SKSCh1\precheck_collect\analyze\schedule_sample\PreCheck_AnalyzeLogs_Schedule.conf, 유효 스케줄 건수: 6
2026-06-02 15:15:25.394 [scheduling-1] INFO  AnalyzeScheduleParser -   [1] serverId: dlprem01-테스트개발, sourceFilePath: null, type: 주기, day: 1-5, start: 000501, interval: 1, end: 230501
2026-06-02 15:15:25.395 [scheduling-1] INFO  AnalyzeScheduleParser -   [2] serverId: pamoap01-자동주문, sourceFilePath: null, type: 주기, day: 1-5, start: 080501, interval: 2, end: 190501
2026-06-02 15:15:25.395 [scheduling-1] INFO  AnalyzeScheduleParser -   [3] serverId: pqgetap1-시세포착1, sourceFilePath: null, type: 주기, day: 1-5, start: 080501, interval: 2, end: 190501
2026-06-02 15:15:25.396 [scheduling-1] INFO  AnalyzeScheduleParser -   [4] serverId: pqgetap1-시세포착2, sourceFilePath: null, type: 주기, day: 1-5, start: 080501, interval: 2, end: 190501
2026-06-02 15:15:25.397 [scheduling-1] INFO  AnalyzeScheduleParser -   [5] serverId: pjpsap01-주파수클럽, sourceFilePath: null, type: 주기, day: 1-5, start: 080501, interval: 2, end: 190501
2026-06-02 15:15:25.397 [scheduling-1] INFO  AnalyzeScheduleParser -   [6] serverId: pmaster2-마스터, sourceFilePath: null, type: 주기, day: 1-5, start: 080501, interval: 2, end: 190501
2026-06-02 15:15:25.398 [scheduling-1] INFO  AnalyzeScheduler - [[[주기 분석 실행 결정]]] - serverId: dlprem01-테스트개발, file: null, 간격: 1분, 911번째 실행, day: 1-5, start: 000501, end: 230501
2026-06-02 15:15:25.403 [scheduling-1] INFO  AnalyzeService - 분석 이력 등록 - historyId: 85, serverId: dlprem01-테스트개발, date: 20260602
2026-06-02 15:15:25.406 [scheduling-1] INFO  AnalyzeRetryService - 분석 완료 - 서버: dlprem01-테스트개발, 타입: 주기, 대상일: 20260602, 총: 0건, 에러: 0건, 경고: 0건
2026-06-02 15:15:25.406 [scheduling-1] INFO  AnalyzeScheduler - [[[주기 분석 실행 결정]]] - serverId: pamoap01-자동주문, file: null, 간격: 2분, 216번째 실행, day: 1-5, start: 080501, end: 190501
2026-06-02 15:15:25.407 [scheduling-1] INFO  AnalyzeService - 분석 이력 등록 - historyId: 86, serverId: pamoap01-자동주문, date: 20260602
2026-06-02 15:15:25.408 [scheduling-1] INFO  AnalyzeRetryService - 분석 완료 - 서버: pamoap01-자동주문, 타입: 주기, 대상일: 20260602, 총: 0건, 에러: 0건, 경고: 0건
2026-06-02 15:15:25.409 [scheduling-1] INFO  AnalyzeScheduler - [[[주기 분석 실행 결정]]] - serverId: pqgetap1-시세포착1, file: null, 간격: 2분, 216번째 실행, day: 1-5, start: 080501, end: 190501
2026-06-02 15:15:25.409 [scheduling-1] INFO  AnalyzeService - 분석 이력 등록 - historyId: 87, serverId: pqgetap1-시세포착1, date: 20260602
2026-06-02 15:15:25.411 [scheduling-1] INFO  AnalyzeRetryService - 분석 완료 - 서버: pqgetap1-시세포착1, 타입: 주기, 대상일: 20260602, 총: 0건, 에러: 0건, 경고: 0건
2026-06-02 15:15:25.411 [scheduling-1] INFO  AnalyzeScheduler - [[[주기 분석 실행 결정]]] - serverId: pqgetap1-시세포착2, file: null, 간격: 2분, 216번째 실행, day: 1-5, start: 080501, end: 190501
2026-06-02 15:15:25.412 [scheduling-1] INFO  AnalyzeService - 분석 이력 등록 - historyId: 88, serverId: pqgetap1-시세포착2, date: 20260602
2026-06-02 15:15:25.413 [scheduling-1] INFO  AnalyzeRetryService - 분석 완료 - 서버: pqgetap1-시세포착2, 타입: 주기, 대상일: 20260602, 총: 0건, 에러: 0건, 경고: 0건
2026-06-02 15:15:25.413 [scheduling-1] INFO  AnalyzeScheduler - [[[주기 분석 실행 결정]]] - serverId: pjpsap01-주파수클럽, file: null, 간격: 2분, 216번째 실행, day: 1-5, start: 080501, end: 190501
2026-06-02 15:15:25.414 [scheduling-1] INFO  AnalyzeService - 분석 이력 등록 - historyId: 89, serverId: pjpsap01-주파수클럽, date: 20260602
2026-06-02 15:15:25.416 [scheduling-1] INFO  AnalyzeRetryService - 분석 완료 - 서버: pjpsap01-주파수클럽, 타입: 주기, 대상일: 20260602, 총: 0건, 에러: 0건, 경고: 0건
2026-06-02 15:15:25.416 [scheduling-1] INFO  AnalyzeScheduler - [[[주기 분석 실행 결정]]] - serverId: pmaster2-마스터, file: null, 간격: 2분, 216번째 실행, day: 1-5, start: 080501, end: 190501
2026-06-02 15:15:25.417 [scheduling-1] INFO  AnalyzeService - 분석 이력 등록 - historyId: 90, serverId: pmaster2-마스터, date: 20260602
2026-06-02 15:15:25.420 [scheduling-1] INFO  AnalyzeRetryService - 분석 완료 - 서버: pmaster2-마스터, 타입: 주기, 대상일: 20260602, 총: 0건, 에러: 0건, 경고: 0건
2026-06-02 15:16:23.326 [restartedMain] INFO  AnalyzeApplication - Starting AnalyzeApplication using Java 17.0.19 with PID 21084 (C:\Users\20200161\Desktop\PreCheck_work\Precheck_project\Precheck_SKSCh1\precheck_collect\analyze\build\classes\java\main started by 20200161 in C:\Users\20200161\Desktop\PreCheck_work\Precheck_project\Precheck_SKSCh1\precheck_collect\analyze)
2026-06-02 15:16:23.329 [restartedMain] INFO  AnalyzeApplication - The following 1 profile is active: "test"
2026-06-02 15:16:24.025 [restartedMain] INFO  PolicyLoader - 분석 정책 로딩 완료 - count: 101, path: C:\Users\20200161\Desktop\PreCheck_work\Precheck_project\Precheck_SKSCh1\precheck_collect\analyze\analyze_sample\PreCheck_AnalyzePolicy.conf
2026-06-02 15:16:24.356 [restartedMain] INFO  AnalyzeApplication - Started AnalyzeApplication in 1.454 seconds (process running for 1.974)
2026-06-02 15:16:24.364 [scheduling-1] INFO  AnalyzeScheduleParser - ==============================================================
2026-06-02 15:16:24.365 [scheduling-1] INFO  AnalyzeScheduleParser - ==============================================================
2026-06-02 15:16:24.365 [scheduling-1] INFO  AnalyzeScheduleParser - 분석 스케줄 파일 파싱 시작 - filePath: C:\Users\20200161\Desktop\PreCheck_work\Precheck_project\Precheck_SKSCh1\precheck_collect\analyze\schedule_sample\PreCheck_AnalyzeLogs_Schedule.conf, absolutePath: C:\Users\20200161\Desktop\PreCheck_work\Precheck_project\Precheck_SKSCh1\precheck_collect\analyze\schedule_sample\PreCheck_AnalyzeLogs_Schedule.conf
2026-06-02 15:16:24.367 [scheduling-1] INFO  AnalyzeScheduleParser - 분석 스케줄 파일 파싱 완료 - absolutePath: C:\Users\20200161\Desktop\PreCheck_work\Precheck_project\Precheck_SKSCh1\precheck_collect\analyze\schedule_sample\PreCheck_AnalyzeLogs_Schedule.conf, 유효 스케줄 건수: 6
2026-06-02 15:16:24.368 [scheduling-1] INFO  AnalyzeScheduleParser -   [1] serverId: dlprem01-테스트개발, sourceFilePath: null, type: 주기, day: 1-5, start: 000501, interval: 1, end: 230501
2026-06-02 15:16:24.368 [scheduling-1] INFO  AnalyzeScheduleParser -   [2] serverId: pamoap01-자동주문, sourceFilePath: null, type: 주기, day: 1-5, start: 080501, interval: 2, end: 190501
2026-06-02 15:16:24.368 [scheduling-1] INFO  AnalyzeScheduleParser -   [3] serverId: pqgetap1-시세포착1, sourceFilePath: null, type: 주기, day: 1-5, start: 080501, interval: 2, end: 190501
2026-06-02 15:16:24.368 [scheduling-1] INFO  AnalyzeScheduleParser -   [4] serverId: pqgetap1-시세포착2, sourceFilePath: null, type: 주기, day: 1-5, start: 080501, interval: 2, end: 190501
2026-06-02 15:16:24.369 [scheduling-1] INFO  AnalyzeScheduleParser -   [5] serverId: pjpsap01-주파수클럽, sourceFilePath: null, type: 주기, day: 1-5, start: 080501, interval: 2, end: 190501
2026-06-02 15:16:24.369 [scheduling-1] INFO  AnalyzeScheduleParser -   [6] serverId: pmaster2-마스터, sourceFilePath: null, type: 주기, day: 1-5, start: 080501, interval: 2, end: 190501
2026-06-02 15:16:24.374 [scheduling-1] INFO  AnalyzeScheduler - [[[주기 분석 실행 결정]]] - serverId: dlprem01-테스트개발, file: null, 간격: 1분, 912번째 실행, day: 1-5, start: 000501, end: 230501
2026-06-02 15:16:24.673 [scheduling-1] INFO  AnalyzeService - 분석 이력 등록 - historyId: 91, serverId: dlprem01-테스트개발, date: 20260602
2026-06-02 15:16:24.776 [scheduling-1] INFO  AnalyzeRetryService - 분석 완료 - 서버: dlprem01-테스트개발, 타입: 주기, 대상일: 20260602, 총: 63건, 에러: 10건, 경고: 3건
2026-06-02 15:17:04.408 [restartedMain] INFO  AnalyzeApplication - Starting AnalyzeApplication using Java 17.0.19 with PID 3268 (C:\Users\20200161\Desktop\PreCheck_work\Precheck_project\Precheck_SKSCh1\precheck_collect\analyze\build\classes\java\main started by 20200161 in C:\Users\20200161\Desktop\PreCheck_work\Precheck_project\Precheck_SKSCh1\precheck_collect\analyze)
2026-06-02 15:17:04.411 [restartedMain] INFO  AnalyzeApplication - The following 1 profile is active: "test"
2026-06-02 15:17:05.132 [restartedMain] INFO  PolicyLoader - 분석 정책 로딩 완료 - count: 101, path: C:\Users\20200161\Desktop\PreCheck_work\Precheck_project\Precheck_SKSCh1\precheck_collect\analyze\analyze_sample\PreCheck_AnalyzePolicy.conf
2026-06-02 15:17:05.486 [restartedMain] INFO  AnalyzeApplication - Started AnalyzeApplication in 1.502 seconds (process running for 1.994)
2026-06-02 15:17:05.500 [scheduling-1] INFO  AnalyzeScheduleParser - ==============================================================
2026-06-02 15:17:05.500 [scheduling-1] INFO  AnalyzeScheduleParser - ==============================================================
2026-06-02 15:17:05.501 [scheduling-1] INFO  AnalyzeScheduleParser - 분석 스케줄 파일 파싱 시작 - filePath: C:\Users\20200161\Desktop\PreCheck_work\Precheck_project\Precheck_SKSCh1\precheck_collect\analyze\schedule_sample\PreCheck_AnalyzeLogs_Schedule.conf, absolutePath: C:\Users\20200161\Desktop\PreCheck_work\Precheck_project\Precheck_SKSCh1\precheck_collect\analyze\schedule_sample\PreCheck_AnalyzeLogs_Schedule.conf
2026-06-02 15:17:05.503 [scheduling-1] INFO  AnalyzeScheduleParser - 분석 스케줄 파일 파싱 완료 - absolutePath: C:\Users\20200161\Desktop\PreCheck_work\Precheck_project\Precheck_SKSCh1\precheck_collect\analyze\schedule_sample\PreCheck_AnalyzeLogs_Schedule.conf, 유효 스케줄 건수: 6
2026-06-02 15:17:05.504 [scheduling-1] INFO  AnalyzeScheduleParser -   [1] serverId: dlprem01-테스트개발, sourceFilePath: null, type: 주기, day: 1-5, start: 000501, interval: 1, end: 230501
2026-06-02 15:17:05.504 [scheduling-1] INFO  AnalyzeScheduleParser -   [2] serverId: pamoap01-자동주문, sourceFilePath: null, type: 주기, day: 1-5, start: 080501, interval: 2, end: 190501
2026-06-02 15:17:05.504 [scheduling-1] INFO  AnalyzeScheduleParser -   [3] serverId: pqgetap1-시세포착1, sourceFilePath: null, type: 주기, day: 1-5, start: 080501, interval: 2, end: 190501
2026-06-02 15:17:05.504 [scheduling-1] INFO  AnalyzeScheduleParser -   [4] serverId: pqgetap1-시세포착2, sourceFilePath: null, type: 주기, day: 1-5, start: 080501, interval: 2, end: 190501
2026-06-02 15:17:05.504 [scheduling-1] INFO  AnalyzeScheduleParser -   [5] serverId: pjpsap01-주파수클럽, sourceFilePath: null, type: 주기, day: 1-5, start: 080501, interval: 2, end: 190501
2026-06-02 15:17:05.505 [scheduling-1] INFO  AnalyzeScheduleParser -   [6] serverId: pmaster2-마스터, sourceFilePath: null, type: 주기, day: 1-5, start: 080501, interval: 2, end: 190501
2026-06-02 15:17:05.511 [scheduling-1] INFO  AnalyzeScheduler - [[[주기 분석 실행 결정]]] - serverId: dlprem01-테스트개발, file: null, 간격: 1분, 913번째 실행, day: 1-5, start: 000501, end: 230501
2026-06-02 15:17:05.795 [scheduling-1] INFO  AnalyzeService - 분석 이력 등록 - historyId: 92, serverId: dlprem01-테스트개발, date: 20260602
2026-06-02 15:17:05.899 [scheduling-1] INFO  AnalyzeRetryService - 분석 완료 - 서버: dlprem01-테스트개발, 타입: 주기, 대상일: 20260602, 총: 63건, 에러: 10건, 경고: 3건
2026-06-02 15:17:05.899 [scheduling-1] INFO  AnalyzeScheduler - [[[주기 분석 실행 결정]]] - serverId: pamoap01-자동주문, file: null, 간격: 2분, 217번째 실행, day: 1-5, start: 080501, end: 190501
2026-06-02 15:17:05.900 [scheduling-1] INFO  AnalyzeService - 분석 이력 등록 - historyId: 93, serverId: pamoap01-자동주문, date: 20260602
2026-06-02 15:17:05.956 [scheduling-1] INFO  AnalyzeRetryService - 분석 완료 - 서버: pamoap01-자동주문, 타입: 주기, 대상일: 20260602, 총: 83건, 에러: 25건, 경고: 3건
2026-06-02 15:17:05.957 [scheduling-1] INFO  AnalyzeScheduler - [[[주기 분석 실행 결정]]] - serverId: pqgetap1-시세포착1, file: null, 간격: 2분, 217번째 실행, day: 1-5, start: 080501, end: 190501
2026-06-02 15:17:05.958 [scheduling-1] INFO  AnalyzeService - 분석 이력 등록 - historyId: 94, serverId: pqgetap1-시세포착1, date: 20260602
2026-06-02 15:17:05.963 [scheduling-1] INFO  AnalyzeRetryService - 분석 완료 - 서버: pqgetap1-시세포착1, 타입: 주기, 대상일: 20260602, 총: 5건, 에러: 0건, 경고: 0건
2026-06-02 15:17:05.963 [scheduling-1] INFO  AnalyzeScheduler - [[[주기 분석 실행 결정]]] - serverId: pqgetap1-시세포착2, file: null, 간격: 2분, 217번째 실행, day: 1-5, start: 080501, end: 190501
2026-06-02 15:17:05.964 [scheduling-1] INFO  AnalyzeService - 분석 이력 등록 - historyId: 95, serverId: pqgetap1-시세포착2, date: 20260602
2026-06-02 15:17:05.966 [scheduling-1] INFO  AnalyzeRetryService - 분석 완료 - 서버: pqgetap1-시세포착2, 타입: 주기, 대상일: 20260602, 총: 0건, 에러: 0건, 경고: 0건
2026-06-02 15:17:05.966 [scheduling-1] INFO  AnalyzeScheduler - [[[주기 분석 실행 결정]]] - serverId: pjpsap01-주파수클럽, file: null, 간격: 2분, 217번째 실행, day: 1-5, start: 080501, end: 190501
2026-06-02 15:17:05.967 [scheduling-1] INFO  AnalyzeService - 분석 이력 등록 - historyId: 96, serverId: pjpsap01-주파수클럽, date: 20260602
2026-06-02 15:17:05.972 [scheduling-1] INFO  AnalyzeRetryService - 분석 완료 - 서버: pjpsap01-주파수클럽, 타입: 주기, 대상일: 20260602, 총: 5건, 에러: 0건, 경고: 0건
2026-06-02 15:17:05.972 [scheduling-1] INFO  AnalyzeScheduler - [[[주기 분석 실행 결정]]] - serverId: pmaster2-마스터, file: null, 간격: 2분, 217번째 실행, day: 1-5, start: 080501, end: 190501
2026-06-02 15:17:05.973 [scheduling-1] INFO  AnalyzeService - 분석 이력 등록 - historyId: 97, serverId: pmaster2-마스터, date: 20260602
2026-06-02 15:17:05.978 [scheduling-1] INFO  AnalyzeRetryService - 분석 완료 - 서버: pmaster2-마스터, 타입: 주기, 대상일: 20260602, 총: 5건, 에러: 0건, 경고: 0건
2026-06-02 15:18:05.983 [scheduling-1] INFO  AnalyzeScheduleParser - ==============================================================
2026-06-02 15:18:05.984 [scheduling-1] INFO  AnalyzeScheduleParser - ==============================================================
2026-06-02 15:18:05.985 [scheduling-1] INFO  AnalyzeScheduleParser - 분석 스케줄 파일 파싱 시작 - filePath: C:\Users\20200161\Desktop\PreCheck_work\Precheck_project\Precheck_SKSCh1\precheck_collect\analyze\schedule_sample\PreCheck_AnalyzeLogs_Schedule.conf, absolutePath: C:\Users\20200161\Desktop\PreCheck_work\Precheck_project\Precheck_SKSCh1\precheck_collect\analyze\schedule_sample\PreCheck_AnalyzeLogs_Schedule.conf
2026-06-02 15:18:05.988 [scheduling-1] INFO  AnalyzeScheduleParser - 분석 스케줄 파일 파싱 완료 - absolutePath: C:\Users\20200161\Desktop\PreCheck_work\Precheck_project\Precheck_SKSCh1\precheck_collect\analyze\schedule_sample\PreCheck_AnalyzeLogs_Schedule.conf, 유효 스케줄 건수: 6
2026-06-02 15:18:05.989 [scheduling-1] INFO  AnalyzeScheduleParser -   [1] serverId: dlprem01-테스트개발, sourceFilePath: null, type: 주기, day: 1-5, start: 000501, interval: 1, end: 230501
2026-06-02 15:18:05.990 [scheduling-1] INFO  AnalyzeScheduleParser -   [2] serverId: pamoap01-자동주문, sourceFilePath: null, type: 주기, day: 1-5, start: 080501, interval: 2, end: 190501
2026-06-02 15:18:05.990 [scheduling-1] INFO  AnalyzeScheduleParser -   [3] serverId: pqgetap1-시세포착1, sourceFilePath: null, type: 주기, day: 1-5, start: 080501, interval: 2, end: 190501
2026-06-02 15:18:05.991 [scheduling-1] INFO  AnalyzeScheduleParser -   [4] serverId: pqgetap1-시세포착2, sourceFilePath: null, type: 주기, day: 1-5, start: 080501, interval: 2, end: 190501
2026-06-02 15:18:05.991 [scheduling-1] INFO  AnalyzeScheduleParser -   [5] serverId: pjpsap01-주파수클럽, sourceFilePath: null, type: 주기, day: 1-5, start: 080501, interval: 2, end: 190501
2026-06-02 15:18:05.992 [scheduling-1] INFO  AnalyzeScheduleParser -   [6] serverId: pmaster2-마스터, sourceFilePath: null, type: 주기, day: 1-5, start: 080501, interval: 2, end: 190501
2026-06-02 15:18:05.993 [scheduling-1] INFO  AnalyzeScheduler - [[[주기 분석 실행 결정]]] - serverId: dlprem01-테스트개발, file: null, 간격: 1분, 914번째 실행, day: 1-5, start: 000501, end: 230501
2026-06-02 15:18:05.998 [scheduling-1] INFO  AnalyzeService - 분석 이력 등록 - historyId: 98, serverId: dlprem01-테스트개발, date: 20260602
2026-06-02 15:18:06.003 [scheduling-1] INFO  AnalyzeRetryService - 분석 완료 - 서버: dlprem01-테스트개발, 타입: 주기, 대상일: 20260602, 총: 0건, 에러: 0건, 경고: 0건
2026-06-02 15:50:32.787 [restartedMain] INFO  AnalyzeApplication - Starting AnalyzeApplication using Java 17.0.19 with PID 3720 (C:\Users\20200161\Desktop\PreCheck_work\Precheck_project\Precheck_SKSCh1\precheck_collect\analyze\build\classes\java\main started by 20200161 in C:\Users\20200161\Desktop\PreCheck_work\Precheck_project\Precheck_SKSCh1\precheck_collect\analyze)
2026-06-02 15:50:32.789 [restartedMain] INFO  AnalyzeApplication - The following 1 profile is active: "test"
2026-06-02 15:50:33.292 [restartedMain] INFO  PolicyLoader - 분석 정책 로딩 완료 - count: 101, path: C:\Users\20200161\Desktop\PreCheck_work\Precheck_project\Precheck_SKSCh1\precheck_collect\analyze\analyze_sample\PreCheck_AnalyzePolicy.conf
2026-06-02 15:50:33.534 [restartedMain] INFO  AnalyzeApplication - Started AnalyzeApplication in 1.017 seconds (process running for 1.373)
2026-06-02 15:50:33.544 [scheduling-1] INFO  AnalyzeScheduleParser - ==============================================================
2026-06-02 15:50:33.545 [scheduling-1] INFO  AnalyzeScheduleParser - ==============================================================
2026-06-02 15:50:33.545 [scheduling-1] INFO  AnalyzeScheduleParser - 분석 스케줄 파일 파싱 시작 - filePath: C:\Users\20200161\Desktop\PreCheck_work\Precheck_project\Precheck_SKSCh1\precheck_collect\analyze\schedule_sample\PreCheck_AnalyzeLogs_Schedule.conf, absolutePath: C:\Users\20200161\Desktop\PreCheck_work\Precheck_project\Precheck_SKSCh1\precheck_collect\analyze\schedule_sample\PreCheck_AnalyzeLogs_Schedule.conf
2026-06-02 15:50:33.547 [scheduling-1] INFO  AnalyzeScheduleParser - 분석 스케줄 파일 파싱 완료 - absolutePath: C:\Users\20200161\Desktop\PreCheck_work\Precheck_project\Precheck_SKSCh1\precheck_collect\analyze\schedule_sample\PreCheck_AnalyzeLogs_Schedule.conf, 유효 스케줄 건수: 6
2026-06-02 15:50:33.547 [scheduling-1] INFO  AnalyzeScheduleParser -   [1] serverId: dlprem01-테스트개발, sourceFilePath: null, type: 주기, day: 1-5, start: 000501, interval: 1, end: 230501
2026-06-02 15:50:33.548 [scheduling-1] INFO  AnalyzeScheduleParser -   [2] serverId: pamoap01-자동주문, sourceFilePath: null, type: 주기, day: 1-5, start: 080501, interval: 2, end: 190501
2026-06-02 15:50:33.548 [scheduling-1] INFO  AnalyzeScheduleParser -   [3] serverId: pqgetap1-시세포착1, sourceFilePath: null, type: 주기, day: 1-5, start: 080501, interval: 2, end: 190501
2026-06-02 15:50:33.548 [scheduling-1] INFO  AnalyzeScheduleParser -   [4] serverId: pqgetap2-시세포착2, sourceFilePath: null, type: 주기, day: 1-5, start: 080501, interval: 2, end: 190501
2026-06-02 15:50:33.548 [scheduling-1] INFO  AnalyzeScheduleParser -   [5] serverId: pjpsap01-주파수클럽, sourceFilePath: null, type: 주기, day: 1-5, start: 080501, interval: 2, end: 190501
2026-06-02 15:50:33.548 [scheduling-1] INFO  AnalyzeScheduleParser -   [6] serverId: pmaster2-마스터, sourceFilePath: null, type: 주기, day: 1-5, start: 080501, interval: 2, end: 190501
2026-06-02 15:50:33.554 [scheduling-1] INFO  AnalyzeScheduler - [[[주기 분석 실행 결정]]] - serverId: dlprem01-테스트개발, file: null, 간격: 1분, 946번째 실행, day: 1-5, start: 000501, end: 230501
2026-06-02 15:50:33.762 [scheduling-1] INFO  AnalyzeService - 분석 이력 등록 - historyId: 99, serverId: dlprem01-테스트개발, date: 20260602
2026-06-02 15:50:33.848 [scheduling-1] INFO  AnalyzeRetryService - 분석 완료 - 서버: dlprem01-테스트개발, 타입: 주기, 대상일: 20260602, 총: 63건, 에러: 10건, 경고: 3건
2026-06-02 15:51:33.850 [scheduling-1] INFO  AnalyzeScheduleParser - ==============================================================
2026-06-02 15:51:33.851 [scheduling-1] INFO  AnalyzeScheduleParser - ==============================================================
2026-06-02 15:51:33.851 [scheduling-1] INFO  AnalyzeScheduleParser - 분석 스케줄 파일 파싱 시작 - filePath: C:\Users\20200161\Desktop\PreCheck_work\Precheck_project\Precheck_SKSCh1\precheck_collect\analyze\schedule_sample\PreCheck_AnalyzeLogs_Schedule.conf, absolutePath: C:\Users\20200161\Desktop\PreCheck_work\Precheck_project\Precheck_SKSCh1\precheck_collect\analyze\schedule_sample\PreCheck_AnalyzeLogs_Schedule.conf
2026-06-02 15:51:33.854 [scheduling-1] INFO  AnalyzeScheduleParser - 분석 스케줄 파일 파싱 완료 - absolutePath: C:\Users\20200161\Desktop\PreCheck_work\Precheck_project\Precheck_SKSCh1\precheck_collect\analyze\schedule_sample\PreCheck_AnalyzeLogs_Schedule.conf, 유효 스케줄 건수: 6
2026-06-02 15:51:33.855 [scheduling-1] INFO  AnalyzeScheduleParser -   [1] serverId: dlprem01-테스트개발, sourceFilePath: null, type: 주기, day: 1-5, start: 000501, interval: 1, end: 230501
2026-06-02 15:51:33.856 [scheduling-1] INFO  AnalyzeScheduleParser -   [2] serverId: pamoap01-자동주문, sourceFilePath: null, type: 주기, day: 1-5, start: 080501, interval: 2, end: 190501
2026-06-02 15:51:33.857 [scheduling-1] INFO  AnalyzeScheduleParser -   [3] serverId: pqgetap1-시세포착1, sourceFilePath: null, type: 주기, day: 1-5, start: 080501, interval: 2, end: 190501
2026-06-02 15:51:33.857 [scheduling-1] INFO  AnalyzeScheduleParser -   [4] serverId: pqgetap2-시세포착2, sourceFilePath: null, type: 주기, day: 1-5, start: 080501, interval: 2, end: 190501
2026-06-02 15:51:33.858 [scheduling-1] INFO  AnalyzeScheduleParser -   [5] serverId: pjpsap01-주파수클럽, sourceFilePath: null, type: 주기, day: 1-5, start: 080501, interval: 2, end: 190501
2026-06-02 15:51:33.858 [scheduling-1] INFO  AnalyzeScheduleParser -   [6] serverId: pmaster2-마스터, sourceFilePath: null, type: 주기, day: 1-5, start: 080501, interval: 2, end: 190501
2026-06-02 15:51:33.859 [scheduling-1] INFO  AnalyzeScheduler - [[[주기 분석 실행 결정]]] - serverId: dlprem01-테스트개발, file: null, 간격: 1분, 947번째 실행, day: 1-5, start: 000501, end: 230501
2026-06-02 15:51:33.862 [scheduling-1] INFO  AnalyzeService - 분석 이력 등록 - historyId: 100, serverId: dlprem01-테스트개발, date: 20260602
2026-06-02 15:51:33.867 [scheduling-1] INFO  AnalyzeRetryService - 분석 완료 - 서버: dlprem01-테스트개발, 타입: 주기, 대상일: 20260602, 총: 0건, 에러: 0건, 경고: 0건
2026-06-02 15:51:33.867 [scheduling-1] INFO  AnalyzeScheduler - [[[주기 분석 실행 결정]]] - serverId: pamoap01-자동주문, file: null, 간격: 2분, 234번째 실행, day: 1-5, start: 080501, end: 190501
2026-06-02 15:51:33.868 [scheduling-1] INFO  AnalyzeService - 분석 이력 등록 - historyId: 101, serverId: pamoap01-자동주문, date: 20260602
2026-06-02 15:51:33.916 [scheduling-1] INFO  AnalyzeRetryService - 분석 완료 - 서버: pamoap01-자동주문, 타입: 주기, 대상일: 20260602, 총: 83건, 에러: 25건, 경고: 3건
2026-06-02 15:51:33.917 [scheduling-1] INFO  AnalyzeScheduler - [[[주기 분석 실행 결정]]] - serverId: pqgetap1-시세포착1, file: null, 간격: 2분, 234번째 실행, day: 1-5, start: 080501, end: 190501
2026-06-02 15:51:33.918 [scheduling-1] INFO  AnalyzeService - 분석 이력 등록 - historyId: 102, serverId: pqgetap1-시세포착1, date: 20260602
2026-06-02 15:51:33.922 [scheduling-1] INFO  AnalyzeRetryService - 분석 완료 - 서버: pqgetap1-시세포착1, 타입: 주기, 대상일: 20260602, 총: 5건, 에러: 0건, 경고: 0건
2026-06-02 15:51:33.923 [scheduling-1] INFO  AnalyzeScheduler - [[[주기 분석 실행 결정]]] - serverId: pqgetap2-시세포착2, file: null, 간격: 2분, 234번째 실행, day: 1-5, start: 080501, end: 190501
2026-06-02 15:51:33.923 [scheduling-1] INFO  AnalyzeService - 분석 이력 등록 - historyId: 103, serverId: pqgetap2-시세포착2, date: 20260602
2026-06-02 15:51:33.927 [scheduling-1] INFO  AnalyzeRetryService - 분석 완료 - 서버: pqgetap2-시세포착2, 타입: 주기, 대상일: 20260602, 총: 5건, 에러: 0건, 경고: 0건
2026-06-02 15:51:33.928 [scheduling-1] INFO  AnalyzeScheduler - [[[주기 분석 실행 결정]]] - serverId: pjpsap01-주파수클럽, file: null, 간격: 2분, 234번째 실행, day: 1-5, start: 080501, end: 190501
2026-06-02 15:51:33.928 [scheduling-1] INFO  AnalyzeService - 분석 이력 등록 - historyId: 104, serverId: pjpsap01-주파수클럽, date: 20260602
2026-06-02 15:51:33.932 [scheduling-1] INFO  AnalyzeRetryService - 분석 완료 - 서버: pjpsap01-주파수클럽, 타입: 주기, 대상일: 20260602, 총: 5건, 에러: 0건, 경고: 0건
2026-06-02 15:51:33.933 [scheduling-1] INFO  AnalyzeScheduler - [[[주기 분석 실행 결정]]] - serverId: pmaster2-마스터, file: null, 간격: 2분, 234번째 실행, day: 1-5, start: 080501, end: 190501
2026-06-02 15:51:33.933 [scheduling-1] INFO  AnalyzeService - 분석 이력 등록 - historyId: 105, serverId: pmaster2-마스터, date: 20260602
2026-06-02 15:51:33.938 [scheduling-1] INFO  AnalyzeRetryService - 분석 완료 - 서버: pmaster2-마스터, 타입: 주기, 대상일: 20260602, 총: 5건, 에러: 0건, 경고: 0건
2026-06-02 16:34:14.395 [restartedMain] INFO  AnalyzeApplication - Starting AnalyzeApplication using Java 17.0.19 with PID 20548 (C:\Users\20200161\Desktop\PreCheck_work\Precheck_project\Precheck_SKSCh1\precheck_collect\analyze\build\classes\java\main started by 20200161 in C:\Users\20200161\Desktop\PreCheck_work\Precheck_project\Precheck_SKSCh1\precheck_collect\analyze)
2026-06-02 16:34:14.396 [restartedMain] INFO  AnalyzeApplication - The following 1 profile is active: "test"
2026-06-02 16:34:14.994 [restartedMain] INFO  PolicyLoader - 분석 정책 로딩 완료 - count: 101, path: C:\Users\20200161\Desktop\PreCheck_work\Precheck_project\Precheck_SKSCh1\precheck_collect\analyze\analyze_sample\PreCheck_AnalyzePolicy.conf
2026-06-02 16:34:15.256 [restartedMain] INFO  AnalyzeApplication - Started AnalyzeApplication in 1.145 seconds (process running for 1.66)
2026-06-02 16:34:15.263 [scheduling-1] INFO  AnalyzeScheduleParser - ==============================================================
2026-06-02 16:34:15.264 [scheduling-1] INFO  AnalyzeScheduleParser - ==============================================================
2026-06-02 16:34:15.265 [scheduling-1] INFO  AnalyzeScheduleParser - 분석 스케줄 파일 파싱 시작 - filePath: C:\Users\20200161\Desktop\PreCheck_work\Precheck_project\Precheck_SKSCh1\precheck_collect\analyze\schedule_sample\PreCheck_AnalyzeLogs_Schedule.conf, absolutePath: C:\Users\20200161\Desktop\PreCheck_work\Precheck_project\Precheck_SKSCh1\precheck_collect\analyze\schedule_sample\PreCheck_AnalyzeLogs_Schedule.conf
2026-06-02 16:34:15.268 [scheduling-1] INFO  AnalyzeScheduleParser - 분석 스케줄 파일 파싱 완료 - absolutePath: C:\Users\20200161\Desktop\PreCheck_work\Precheck_project\Precheck_SKSCh1\precheck_collect\analyze\schedule_sample\PreCheck_AnalyzeLogs_Schedule.conf, 유효 스케줄 건수: 6
2026-06-02 16:34:15.268 [scheduling-1] INFO  AnalyzeScheduleParser -   [1] serverId: dlprem01-테스트개발, sourceFilePath: null, type: 주기, day: 1-5, start: 000501, interval: 1, end: 230501
2026-06-02 16:34:15.269 [scheduling-1] INFO  AnalyzeScheduleParser -   [2] serverId: pamoap01-자동주문, sourceFilePath: null, type: 주기, day: 1-5, start: 080501, interval: 2, end: 190501
2026-06-02 16:34:15.269 [scheduling-1] INFO  AnalyzeScheduleParser -   [3] serverId: pqgetap1-시세포착1, sourceFilePath: null, type: 주기, day: 1-5, start: 080501, interval: 2, end: 190501
2026-06-02 16:34:15.269 [scheduling-1] INFO  AnalyzeScheduleParser -   [4] serverId: pqgetap2-시세포착2, sourceFilePath: null, type: 주기, day: 1-5, start: 080501, interval: 2, end: 190501
2026-06-02 16:34:15.269 [scheduling-1] INFO  AnalyzeScheduleParser -   [5] serverId: pjpsap01-주파수클럽, sourceFilePath: null, type: 주기, day: 1-5, start: 080501, interval: 2, end: 190501
2026-06-02 16:34:15.269 [scheduling-1] INFO  AnalyzeScheduleParser -   [6] serverId: pmaster2-마스터, sourceFilePath: null, type: 주기, day: 1-5, start: 080501, interval: 2, end: 190501
2026-06-02 16:34:15.277 [scheduling-1] INFO  AnalyzeScheduler - [[[주기 분석 실행 결정]]] - serverId: dlprem01-테스트개발, file: null, 간격: 1분, 990번째 실행, day: 1-5, start: 000501, end: 230501
2026-06-02 16:34:15.594 [scheduling-1] INFO  AnalyzeService - 분석 이력 등록 - historyId: 106, serverId: dlprem01-테스트개발, date: 20260602
2026-06-02 16:42:07.535 [restartedMain] INFO  AnalyzeApplication - Starting AnalyzeApplication using Java 17.0.19 with PID 22616 (C:\Users\20200161\Desktop\PreCheck_work\Precheck_project\Precheck_SKSCh1\precheck_collect\analyze\build\classes\java\main started by 20200161 in C:\Users\20200161\Desktop\PreCheck_work\Precheck_project\Precheck_SKSCh1\precheck_collect\analyze)
2026-06-02 16:42:07.538 [restartedMain] INFO  AnalyzeApplication - The following 1 profile is active: "test"
2026-06-02 16:42:08.126 [restartedMain] INFO  PolicyLoader - 분석 정책 로딩 완료 - count: 101, path: C:\Users\20200161\Desktop\PreCheck_work\Precheck_project\Precheck_SKSCh1\precheck_collect\analyze\analyze_sample\PreCheck_AnalyzePolicy.conf
2026-06-02 16:42:08.369 [restartedMain] INFO  AnalyzeApplication - Started AnalyzeApplication in 1.124 seconds (process running for 1.625)
2026-06-02 16:42:08.379 [scheduling-1] INFO  AnalyzeScheduleParser - ==============================================================
2026-06-02 16:42:08.379 [scheduling-1] INFO  AnalyzeScheduleParser - ==============================================================
2026-06-02 16:42:08.380 [scheduling-1] INFO  AnalyzeScheduleParser - 분석 스케줄 파일 파싱 시작 - filePath: C:\Users\20200161\Desktop\PreCheck_work\Precheck_project\Precheck_SKSCh1\precheck_collect\analyze\schedule_sample\PreCheck_AnalyzeLogs_Schedule.conf, absolutePath: C:\Users\20200161\Desktop\PreCheck_work\Precheck_project\Precheck_SKSCh1\precheck_collect\analyze\schedule_sample\PreCheck_AnalyzeLogs_Schedule.conf
2026-06-02 16:42:08.383 [scheduling-1] INFO  AnalyzeScheduleParser - 분석 스케줄 파일 파싱 완료 - absolutePath: C:\Users\20200161\Desktop\PreCheck_work\Precheck_project\Precheck_SKSCh1\precheck_collect\analyze\schedule_sample\PreCheck_AnalyzeLogs_Schedule.conf, 유효 스케줄 건수: 6
2026-06-02 16:42:08.383 [scheduling-1] INFO  AnalyzeScheduleParser -   [1] serverId: dlprem01-테스트개발, sourceFilePath: null, type: 주기, day: 1-5, start: 000501, interval: 1, end: 230501
2026-06-02 16:42:08.384 [scheduling-1] INFO  AnalyzeScheduleParser -   [2] serverId: pamoap01-자동주문, sourceFilePath: null, type: 주기, day: 1-5, start: 080501, interval: 2, end: 190501
2026-06-02 16:42:08.384 [scheduling-1] INFO  AnalyzeScheduleParser -   [3] serverId: pqgetap1-시세포착1, sourceFilePath: null, type: 주기, day: 1-5, start: 080501, interval: 1, end: 190501
2026-06-02 16:42:08.384 [scheduling-1] INFO  AnalyzeScheduleParser -   [4] serverId: pqgetap2-시세포착2, sourceFilePath: null, type: 주기, day: 1-5, start: 080501, interval: 1, end: 190501
2026-06-02 16:42:08.384 [scheduling-1] INFO  AnalyzeScheduleParser -   [5] serverId: pjpsap01-주파수클럽, sourceFilePath: null, type: 주기, day: 1-5, start: 080501, interval: 1, end: 190501
2026-06-02 16:42:08.385 [scheduling-1] INFO  AnalyzeScheduleParser -   [6] serverId: pmaster2-마스터, sourceFilePath: null, type: 주기, day: 1-5, start: 080501, interval: 1, end: 190501
2026-06-02 16:42:08.392 [scheduling-1] INFO  AnalyzeScheduler - [[[주기 분석 실행 결정]]] - serverId: dlprem01-테스트개발, file: null, 간격: 1분, 998번째 실행, day: 1-5, start: 000501, end: 230501
2026-06-02 16:42:08.691 [scheduling-1] INFO  AnalyzeService - 분석 이력 등록 - historyId: 107, serverId: dlprem01-테스트개발, date: 20260602
2026-06-02 16:47:27.826 [restartedMain] INFO  AnalyzeApplication - Starting AnalyzeApplication using Java 17.0.19 with PID 2644 (C:\Users\20200161\Desktop\PreCheck_work\Precheck_project\Precheck_SKSCh1\precheck_collect\analyze\build\classes\java\main started by 20200161 in C:\Users\20200161\Desktop\PreCheck_work\Precheck_project\Precheck_SKSCh1\precheck_collect\analyze)
2026-06-02 16:47:27.831 [restartedMain] INFO  AnalyzeApplication - The following 1 profile is active: "test"
2026-06-02 16:47:28.397 [restartedMain] INFO  PolicyLoader - 분석 정책 로딩 완료 - count: 101, path: C:\Users\20200161\Desktop\PreCheck_work\Precheck_project\Precheck_SKSCh1\precheck_collect\analyze\analyze_sample\PreCheck_AnalyzePolicy.conf
2026-06-02 16:47:28.642 [restartedMain] INFO  AnalyzeApplication - Started AnalyzeApplication in 1.228 seconds (process running for 1.723)
2026-06-02 16:47:28.650 [scheduling-1] INFO  AnalyzeScheduleParser - ==============================================================
2026-06-02 16:47:28.651 [scheduling-1] INFO  AnalyzeScheduleParser - ==============================================================
2026-06-02 16:47:28.651 [scheduling-1] INFO  AnalyzeScheduleParser - 분석 스케줄 파일 파싱 시작 - filePath: C:\Users\20200161\Desktop\PreCheck_work\Precheck_project\Precheck_SKSCh1\precheck_collect\analyze\schedule_sample\PreCheck_AnalyzeLogs_Schedule.conf, absolutePath: C:\Users\20200161\Desktop\PreCheck_work\Precheck_project\Precheck_SKSCh1\precheck_collect\analyze\schedule_sample\PreCheck_AnalyzeLogs_Schedule.conf
2026-06-02 16:47:28.654 [scheduling-1] INFO  AnalyzeScheduleParser - 분석 스케줄 파일 파싱 완료 - absolutePath: C:\Users\20200161\Desktop\PreCheck_work\Precheck_project\Precheck_SKSCh1\precheck_collect\analyze\schedule_sample\PreCheck_AnalyzeLogs_Schedule.conf, 유효 스케줄 건수: 6
2026-06-02 16:47:28.655 [scheduling-1] INFO  AnalyzeScheduleParser -   [1] serverId: dlprem01-테스트개발, sourceFilePath: null, type: 주기, day: 1-5, start: 000501, interval: 1, end: 230501
2026-06-02 16:47:28.655 [scheduling-1] INFO  AnalyzeScheduleParser -   [2] serverId: pamoap01-자동주문, sourceFilePath: null, type: 주기, day: 1-5, start: 080501, interval: 1, end: 190501
2026-06-02 16:47:28.655 [scheduling-1] INFO  AnalyzeScheduleParser -   [3] serverId: pqgetap1-시세포착1, sourceFilePath: null, type: 주기, day: 1-5, start: 080501, interval: 1, end: 190501
2026-06-02 16:47:28.655 [scheduling-1] INFO  AnalyzeScheduleParser -   [4] serverId: pqgetap2-시세포착2, sourceFilePath: null, type: 주기, day: 1-5, start: 080501, interval: 1, end: 190501
2026-06-02 16:47:28.656 [scheduling-1] INFO  AnalyzeScheduleParser -   [5] serverId: pjpsap01-주파수클럽, sourceFilePath: null, type: 주기, day: 1-5, start: 080501, interval: 1, end: 190501
2026-06-02 16:47:28.656 [scheduling-1] INFO  AnalyzeScheduleParser -   [6] serverId: pmaster2-마스터, sourceFilePath: null, type: 주기, day: 1-5, start: 080501, interval: 1, end: 190501
2026-06-02 16:47:28.661 [scheduling-1] INFO  AnalyzeScheduler - [[[주기 분석 실행 결정]]] - serverId: dlprem01-테스트개발, file: null, 간격: 1분, 1003번째 실행, day: 1-5, start: 000501, end: 230501
2026-06-02 16:47:28.906 [scheduling-1] INFO  AnalyzeService - 분석 이력 등록 - historyId: 108, serverId: dlprem01-테스트개발, date: 20260602
2026-06-02 16:49:23.986 [restartedMain] INFO  AnalyzeApplication - Starting AnalyzeApplication using Java 17.0.19 with PID 25064 (C:\Users\20200161\Desktop\PreCheck_work\Precheck_project\Precheck_SKSCh1\precheck_collect\analyze\build\classes\java\main started by 20200161 in C:\Users\20200161\Desktop\PreCheck_work\Precheck_project\Precheck_SKSCh1\precheck_collect\analyze)
2026-06-02 16:49:23.989 [restartedMain] DEBUG AnalyzeApplication - Running with Spring Boot v3.5.14, Spring v6.2.18
2026-06-02 16:49:23.990 [restartedMain] INFO  AnalyzeApplication - The following 1 profile is active: "test"
2026-06-02 16:49:24.792 [restartedMain] INFO  PolicyLoader - 분석 정책 로딩 완료 - count: 101, path: C:\Users\20200161\Desktop\PreCheck_work\Precheck_project\Precheck_SKSCh1\precheck_collect\analyze\analyze_sample\PreCheck_AnalyzePolicy.conf
2026-06-02 16:49:25.125 [restartedMain] INFO  AnalyzeApplication - Started AnalyzeApplication in 1.58 seconds (process running for 2.093)
2026-06-02 16:49:25.132 [scheduling-1] INFO  AnalyzeScheduleParser - ==============================================================
2026-06-02 16:49:25.132 [scheduling-1] INFO  AnalyzeScheduleParser - ==============================================================
2026-06-02 16:49:25.132 [scheduling-1] INFO  AnalyzeScheduleParser - 분석 스케줄 파일 파싱 시작 - filePath: C:\Users\20200161\Desktop\PreCheck_work\Precheck_project\Precheck_SKSCh1\precheck_collect\analyze\schedule_sample\PreCheck_AnalyzeLogs_Schedule.conf, absolutePath: C:\Users\20200161\Desktop\PreCheck_work\Precheck_project\Precheck_SKSCh1\precheck_collect\analyze\schedule_sample\PreCheck_AnalyzeLogs_Schedule.conf
2026-06-02 16:49:25.135 [scheduling-1] INFO  AnalyzeScheduleParser - 분석 스케줄 파일 파싱 완료 - absolutePath: C:\Users\20200161\Desktop\PreCheck_work\Precheck_project\Precheck_SKSCh1\precheck_collect\analyze\schedule_sample\PreCheck_AnalyzeLogs_Schedule.conf, 유효 스케줄 건수: 6
2026-06-02 16:49:25.135 [scheduling-1] INFO  AnalyzeScheduleParser -   [1] serverId: dlprem01-테스트개발, sourceFilePath: null, type: 주기, day: 1-5, start: 000501, interval: 1, end: 230501
2026-06-02 16:49:25.135 [scheduling-1] INFO  AnalyzeScheduleParser -   [2] serverId: pamoap01-자동주문, sourceFilePath: null, type: 주기, day: 1-5, start: 080501, interval: 1, end: 190501
2026-06-02 16:49:25.136 [scheduling-1] INFO  AnalyzeScheduleParser -   [3] serverId: pqgetap1-시세포착1, sourceFilePath: null, type: 주기, day: 1-5, start: 080501, interval: 1, end: 190501
2026-06-02 16:49:25.136 [scheduling-1] INFO  AnalyzeScheduleParser -   [4] serverId: pqgetap2-시세포착2, sourceFilePath: null, type: 주기, day: 1-5, start: 080501, interval: 1, end: 190501
2026-06-02 16:49:25.136 [scheduling-1] INFO  AnalyzeScheduleParser -   [5] serverId: pjpsap01-주파수클럽, sourceFilePath: null, type: 주기, day: 1-5, start: 080501, interval: 1, end: 190501
2026-06-02 16:49:25.136 [scheduling-1] INFO  AnalyzeScheduleParser -   [6] serverId: pmaster2-마스터, sourceFilePath: null, type: 주기, day: 1-5, start: 080501, interval: 1, end: 190501
2026-06-02 16:49:25.142 [scheduling-1] INFO  AnalyzeScheduler - [[[주기 분석 실행 결정]]] - serverId: dlprem01-테스트개발, file: null, 간격: 1분, 1005번째 실행, day: 1-5, start: 000501, end: 230501
2026-06-02 16:49:25.411 [scheduling-1] DEBUG insert - ==>  Preparing: INSERT INTO TB_ANALYZE_HISTORY ( ANALYZE_HISTORY_ID, SERVER_ID, ANALYZE_TARGET_DATE, SOURCE_FILE_PATH, LAST_ANALYZE_LOG_ID, ANALYZE_STATUS, TOTAL_COUNT, SUCCESS_COUNT, FAIL_COUNT, ERROR_COUNT, WARNING_COUNT, FAIL_REASON, ANALYZE_START_AT, ANALYZE_END_AT, ANALYZE_DATE, CREATED_AT, UPDATED_AT ) VALUES ( ?, ?, ?, ?, ?, ?, COALESCE(?, 0), COALESCE(?, 0), COALESCE(?, 0), COALESCE(?, 0), COALESCE(?, 0), ?, ?, ?, ?, COALESCE(?, CURRENT_TIMESTAMP), ? )
2026-06-02 16:49:25.424 [scheduling-1] DEBUG insert - ==> Parameters: 109(Long), dlprem01-테스트개발(String), 20260602(String), null, null, FAIL(String), null, null, null, null, null, IN_PROGRESS(String), 2026-06-02T16:49:25.392209400(LocalDateTime), null, 20260602(String), 2026-06-02T16:49:25.392209400(LocalDateTime), 2026-06-02T16:49:25.392209400(LocalDateTime)
2026-06-02 16:49:25.427 [scheduling-1] DEBUG insert - <==    Updates: 1
2026-06-02 16:49:25.429 [scheduling-1] INFO  AnalyzeService - 분석 이력 등록 - historyId: 109, serverId: dlprem01-테스트개발, date: 20260602
2026-06-02 16:49:25.460 [scheduling-1] DEBUG selectLastSuccess - ==>  Preparing: SELECT ANALYZE_HISTORY_ID, SERVER_ID, ANALYZE_TARGET_DATE, SOURCE_FILE_PATH, LAST_ANALYZE_LOG_ID, ANALYZE_STATUS, TOTAL_COUNT, SUCCESS_COUNT, FAIL_COUNT, ERROR_COUNT, WARNING_COUNT, FAIL_REASON, ANALYZE_START_AT, ANALYZE_END_AT, ANALYZE_DATE, CREATED_AT, UPDATED_AT FROM TB_ANALYZE_HISTORY WHERE ANALYZE_STATUS = 'SUCCESS' AND SERVER_ID = ? AND ANALYZE_DATE = ? AND SOURCE_FILE_PATH IS NULL ORDER BY ANALYZE_START_AT DESC FETCH FIRST 1 ROW ONLY
2026-06-02 16:49:25.461 [scheduling-1] DEBUG selectLastSuccess - ==> Parameters: dlprem01-테스트개발(String), 20260602(String)
2026-06-02 16:49:25.471 [scheduling-1] DEBUG selectLastSuccess - <==      Total: 0
2026-06-02 16:49:25.472 [scheduling-1] DEBUG selectForAnalyze - ==>  Preparing: SELECT CL.COLLECT_LOG_ID, CL.SERVER_ID, CL.SERVER_IP, CL.SOURCE_FILE_PATH, CL.LOG_TYPE, CL.LOG_ID, CL.LOG_TIMESTAMP, CL.LOG_CONTENT, CL.LOG_VALUE, CL.RAW_LOG, CL.COLLECT_DATE, CL.COLLECT_DATETIME, CL.SCHEDULE_TYPE, CL.LINE_NUMBER, CL.CREATED_AT FROM TB_COLLECT_LOG CL WHERE CL.COLLECT_DATE = ? AND CL.SERVER_ID = ? AND NOT EXISTS ( SELECT 1 FROM TB_ANALYZE_RESULT AR WHERE AR.COLLECT_LOG_ID = CL.COLLECT_LOG_ID ) ORDER BY CL.COLLECT_LOG_ID ASC
2026-06-02 16:49:25.473 [scheduling-1] DEBUG selectForAnalyze - ==> Parameters: 20260602(String), dlprem01-테스트개발(String)
2026-06-02 16:49:25.479 [scheduling-1] DEBUG selectForAnalyze - <==      Total: 7
2026-06-02 16:56:07.179 [restartedMain] INFO  AnalyzeApplication - Starting AnalyzeApplication using Java 17.0.19 with PID 27292 (C:\Users\20200161\Desktop\PreCheck_work\Precheck_project\Precheck_SKSCh1\precheck_collect\analyze\build\classes\java\main started by 20200161 in C:\Users\20200161\Desktop\PreCheck_work\Precheck_project\Precheck_SKSCh1\precheck_collect\analyze)
2026-06-02 16:56:07.183 [restartedMain] DEBUG AnalyzeApplication - Running with Spring Boot v3.5.14, Spring v6.2.18
2026-06-02 16:56:07.183 [restartedMain] INFO  AnalyzeApplication - The following 1 profile is active: "test"
2026-06-02 16:56:07.832 [restartedMain] INFO  PolicyLoader - 분석 정책 로딩 완료 - count: 101, path: C:\Users\20200161\Desktop\PreCheck_work\Precheck_project\Precheck_SKSCh1\precheck_collect\analyze\analyze_sample\PreCheck_AnalyzePolicy.conf
2026-06-02 16:56:08.131 [restartedMain] INFO  AnalyzeApplication - Started AnalyzeApplication in 1.379 seconds (process running for 1.883)
2026-06-02 16:56:08.140 [scheduling-1] INFO  AnalyzeScheduleParser - ==============================================================
2026-06-02 16:56:08.140 [scheduling-1] INFO  AnalyzeScheduleParser - ==============================================================
2026-06-02 16:56:08.140 [scheduling-1] INFO  AnalyzeScheduleParser - 분석 스케줄 파일 파싱 시작 - filePath: C:\Users\20200161\Desktop\PreCheck_work\Precheck_project\Precheck_SKSCh1\precheck_collect\analyze\schedule_sample\PreCheck_AnalyzeLogs_Schedule.conf, absolutePath: C:\Users\20200161\Desktop\PreCheck_work\Precheck_project\Precheck_SKSCh1\precheck_collect\analyze\schedule_sample\PreCheck_AnalyzeLogs_Schedule.conf
2026-06-02 16:56:08.143 [scheduling-1] INFO  AnalyzeScheduleParser - 분석 스케줄 파일 파싱 완료 - absolutePath: C:\Users\20200161\Desktop\PreCheck_work\Precheck_project\Precheck_SKSCh1\precheck_collect\analyze\schedule_sample\PreCheck_AnalyzeLogs_Schedule.conf, 유효 스케줄 건수: 6
2026-06-02 16:56:08.143 [scheduling-1] INFO  AnalyzeScheduleParser -   [1] serverId: dlprem01-테스트개발, sourceFilePath: null, type: 주기, day: 1-5, start: 000501, interval: 1, end: 230501
2026-06-02 16:56:08.143 [scheduling-1] INFO  AnalyzeScheduleParser -   [2] serverId: pamoap01-자동주문, sourceFilePath: null, type: 주기, day: 1-5, start: 000501, interval: 1, end: 230501
2026-06-02 16:56:08.143 [scheduling-1] INFO  AnalyzeScheduleParser -   [3] serverId: pqgetap1-시세포착1, sourceFilePath: null, type: 주기, day: 1-5, start: 000501, interval: 1, end: 230501
2026-06-02 16:56:08.144 [scheduling-1] INFO  AnalyzeScheduleParser -   [4] serverId: pqgetap2-시세포착2, sourceFilePath: null, type: 주기, day: 1-5, start: 000501, interval: 1, end: 230501
2026-06-02 16:56:08.144 [scheduling-1] INFO  AnalyzeScheduleParser -   [5] serverId: pjpsap01-주파수클럽, sourceFilePath: null, type: 주기, day: 1-5, start: 000501, interval: 1, end: 230501
2026-06-02 16:56:08.144 [scheduling-1] INFO  AnalyzeScheduleParser -   [6] serverId: pmaster2-마스터, sourceFilePath: null, type: 주기, day: 1-5, start: 000501, interval: 1, end: 230501
2026-06-02 16:56:08.153 [scheduling-1] INFO  AnalyzeScheduler - [[[주기 분석 실행 결정]]] - serverId: dlprem01-테스트개발, file: null, 간격: 1분, 1012번째 실행, day: 1-5, start: 000501, end: 230501
2026-06-02 16:56:08.396 [scheduling-1] DEBUG insert - ==>  Preparing: INSERT INTO TB_ANALYZE_HISTORY ( ANALYZE_HISTORY_ID, SERVER_ID, ANALYZE_TARGET_DATE, SOURCE_FILE_PATH, LAST_ANALYZE_LOG_ID, ANALYZE_STATUS, TOTAL_COUNT, SUCCESS_COUNT, FAIL_COUNT, ERROR_COUNT, WARNING_COUNT, FAIL_REASON, ANALYZE_START_AT, ANALYZE_END_AT, ANALYZE_DATE, CREATED_AT, UPDATED_AT ) VALUES ( ?, ?, ?, ?, ?, ?, COALESCE(?, 0), COALESCE(?, 0), COALESCE(?, 0), COALESCE(?, 0), COALESCE(?, 0), ?, ?, ?, ?, COALESCE(?, CURRENT_TIMESTAMP), ? )
2026-06-02 16:56:08.409 [scheduling-1] DEBUG insert - ==> Parameters: 110(Long), dlprem01-테스트개발(String), 20260602(String), null, null, FAIL(String), null, null, null, null, null, IN_PROGRESS(String), 2026-06-02T16:56:08.379891700(LocalDateTime), null, 20260602(String), 2026-06-02T16:56:08.379891700(LocalDateTime), 2026-06-02T16:56:08.379891700(LocalDateTime)
2026-06-02 16:56:08.413 [scheduling-1] DEBUG insert - <==    Updates: 1
2026-06-02 16:56:08.414 [scheduling-1] INFO  AnalyzeService - 분석 이력 등록 - historyId: 110, serverId: dlprem01-테스트개발, date: 20260602
2026-06-02 16:56:08.443 [scheduling-1] DEBUG selectLastSuccess - ==>  Preparing: SELECT ANALYZE_HISTORY_ID, SERVER_ID, ANALYZE_TARGET_DATE, SOURCE_FILE_PATH, LAST_ANALYZE_LOG_ID, ANALYZE_STATUS, TOTAL_COUNT, SUCCESS_COUNT, FAIL_COUNT, ERROR_COUNT, WARNING_COUNT, FAIL_REASON, ANALYZE_START_AT, ANALYZE_END_AT, ANALYZE_DATE, CREATED_AT, UPDATED_AT FROM TB_ANALYZE_HISTORY WHERE ANALYZE_STATUS = 'SUCCESS' AND SERVER_ID = ? AND ANALYZE_DATE = ? AND SOURCE_FILE_PATH IS NULL ORDER BY ANALYZE_START_AT DESC FETCH FIRST 1 ROW ONLY
2026-06-02 16:56:08.444 [scheduling-1] DEBUG selectLastSuccess - ==> Parameters: dlprem01-테스트개발(String), 20260602(String)
2026-06-02 16:56:08.454 [scheduling-1] DEBUG selectLastSuccess - <==      Total: 0
2026-06-02 16:56:08.455 [scheduling-1] DEBUG selectForAnalyze - ==>  Preparing: SELECT CL.COLLECT_LOG_ID, CL.SERVER_ID, CL.SERVER_IP, CL.SOURCE_FILE_PATH, CL.LOG_TYPE, CL.LOG_ID, CL.LOG_TIMESTAMP, CL.LOG_CONTENT, CL.LOG_VALUE, CL.RAW_LOG, CL.COLLECT_DATE, CL.COLLECT_DATETIME, CL.SCHEDULE_TYPE, CL.LINE_NUMBER, CL.CREATED_AT FROM TB_COLLECT_LOG CL WHERE CL.COLLECT_DATE = ? AND CL.SERVER_ID = ? AND NOT EXISTS ( SELECT 1 FROM TB_ANALYZE_RESULT AR WHERE AR.COLLECT_LOG_ID = CL.COLLECT_LOG_ID ) ORDER BY CL.COLLECT_LOG_ID ASC
2026-06-02 16:56:08.456 [scheduling-1] DEBUG selectForAnalyze - ==> Parameters: 20260602(String), dlprem01-테스트개발(String)
2026-06-02 16:56:08.461 [scheduling-1] DEBUG selectForAnalyze - <==      Total: 7
2026-06-02 16:57:36.949 [restartedMain] INFO  AnalyzeApplication - Starting AnalyzeApplication using Java 17.0.19 with PID 18728 (C:\Users\20200161\Desktop\PreCheck_work\Precheck_project\Precheck_SKSCh1\precheck_collect\analyze\build\classes\java\main started by 20200161 in C:\Users\20200161\Desktop\PreCheck_work\Precheck_project\Precheck_SKSCh1\precheck_collect\analyze)
2026-06-02 16:57:36.951 [restartedMain] DEBUG AnalyzeApplication - Running with Spring Boot v3.5.14, Spring v6.2.18
2026-06-02 16:57:36.952 [restartedMain] INFO  AnalyzeApplication - The following 1 profile is active: "test"
2026-06-02 16:57:37.722 [restartedMain] INFO  PolicyLoader - 분석 정책 로딩 완료 - count: 101, path: C:\Users\20200161\Desktop\PreCheck_work\Precheck_project\Precheck_SKSCh1\precheck_collect\analyze\analyze_sample\PreCheck_AnalyzePolicy.conf
2026-06-02 16:57:38.116 [restartedMain] INFO  AnalyzeApplication - Started AnalyzeApplication in 1.608 seconds (process running for 2.122)
2026-06-02 16:57:38.120 [scheduling-1] INFO  AnalyzeScheduleParser - ==============================================================
2026-06-02 16:57:38.120 [scheduling-1] INFO  AnalyzeScheduleParser - ==============================================================
2026-06-02 16:57:38.120 [scheduling-1] INFO  AnalyzeScheduleParser - 분석 스케줄 파일 파싱 시작 - filePath: C:\Users\20200161\Desktop\PreCheck_work\Precheck_project\Precheck_SKSCh1\precheck_collect\analyze\schedule_sample\PreCheck_AnalyzeLogs_Schedule.conf, absolutePath: C:\Users\20200161\Desktop\PreCheck_work\Precheck_project\Precheck_SKSCh1\precheck_collect\analyze\schedule_sample\PreCheck_AnalyzeLogs_Schedule.conf
2026-06-02 16:57:38.124 [scheduling-1] INFO  AnalyzeScheduleParser - 분석 스케줄 파일 파싱 완료 - absolutePath: C:\Users\20200161\Desktop\PreCheck_work\Precheck_project\Precheck_SKSCh1\precheck_collect\analyze\schedule_sample\PreCheck_AnalyzeLogs_Schedule.conf, 유효 스케줄 건수: 6
2026-06-02 16:57:38.124 [scheduling-1] INFO  AnalyzeScheduleParser -   [1] serverId: dlprem01-테스트개발, sourceFilePath: null, type: 주기, day: 1-5, start: 000501, interval: 1, end: 230501
2026-06-02 16:57:38.124 [scheduling-1] INFO  AnalyzeScheduleParser -   [2] serverId: pamoap01-자동주문, sourceFilePath: null, type: 주기, day: 1-5, start: 000501, interval: 2, end: 230501
2026-06-02 16:57:38.124 [scheduling-1] INFO  AnalyzeScheduleParser -   [3] serverId: pqgetap1-시세포착1, sourceFilePath: null, type: 주기, day: 1-5, start: 000501, interval: 3, end: 230501
2026-06-02 16:57:38.124 [scheduling-1] INFO  AnalyzeScheduleParser -   [4] serverId: pqgetap2-시세포착2, sourceFilePath: null, type: 주기, day: 1-5, start: 000501, interval: 3, end: 230501
2026-06-02 16:57:38.124 [scheduling-1] INFO  AnalyzeScheduleParser -   [5] serverId: pjpsap01-주파수클럽, sourceFilePath: null, type: 주기, day: 1-5, start: 000501, interval: 3, end: 230501
2026-06-02 16:57:38.125 [scheduling-1] INFO  AnalyzeScheduleParser -   [6] serverId: pmaster2-마스터, sourceFilePath: null, type: 주기, day: 1-5, start: 000501, interval: 3, end: 230501
2026-06-02 16:57:38.129 [scheduling-1] INFO  AnalyzeScheduler - [[[주기 분석 실행 결정]]] - serverId: dlprem01-테스트개발, file: null, 간격: 1분, 1013번째 실행, day: 1-5, start: 000501, end: 230501
2026-06-02 16:57:38.375 [scheduling-1] DEBUG insert - ==>  Preparing: INSERT INTO TB_ANALYZE_HISTORY ( ANALYZE_HISTORY_ID, SERVER_ID, ANALYZE_TARGET_DATE, SOURCE_FILE_PATH, LAST_ANALYZE_LOG_ID, ANALYZE_STATUS, TOTAL_COUNT, SUCCESS_COUNT, FAIL_COUNT, ERROR_COUNT, WARNING_COUNT, FAIL_REASON, ANALYZE_START_AT, ANALYZE_END_AT, ANALYZE_DATE, CREATED_AT, UPDATED_AT ) VALUES ( ?, ?, ?, ?, ?, ?, COALESCE(?, 0), COALESCE(?, 0), COALESCE(?, 0), COALESCE(?, 0), COALESCE(?, 0), ?, ?, ?, ?, COALESCE(?, CURRENT_TIMESTAMP), ? )
2026-06-02 16:57:38.386 [scheduling-1] DEBUG insert - ==> Parameters: 111(Long), dlprem01-테스트개발(String), 20260602(String), null, null, FAIL(String), null, null, null, null, null, IN_PROGRESS(String), 2026-06-02T16:57:38.363101700(LocalDateTime), null, 20260602(String), 2026-06-02T16:57:38.363101700(LocalDateTime), 2026-06-02T16:57:38.363101700(LocalDateTime)
2026-06-02 16:57:38.389 [scheduling-1] DEBUG insert - <==    Updates: 1
2026-06-02 16:57:38.390 [scheduling-1] INFO  AnalyzeService - 분석 이력 등록 - historyId: 111, serverId: dlprem01-테스트개발, date: 20260602
2026-06-02 16:57:38.412 [scheduling-1] DEBUG selectLastSuccess - ==>  Preparing: SELECT ANALYZE_HISTORY_ID, SERVER_ID, ANALYZE_TARGET_DATE, SOURCE_FILE_PATH, LAST_ANALYZE_LOG_ID, ANALYZE_STATUS, TOTAL_COUNT, SUCCESS_COUNT, FAIL_COUNT, ERROR_COUNT, WARNING_COUNT, FAIL_REASON, ANALYZE_START_AT, ANALYZE_END_AT, ANALYZE_DATE, CREATED_AT, UPDATED_AT FROM TB_ANALYZE_HISTORY WHERE ANALYZE_STATUS = 'SUCCESS' AND SERVER_ID = ? AND ANALYZE_DATE = ? AND SOURCE_FILE_PATH IS NULL ORDER BY ANALYZE_START_AT DESC FETCH FIRST 1 ROW ONLY
2026-06-02 16:57:38.413 [scheduling-1] DEBUG selectLastSuccess - ==> Parameters: dlprem01-테스트개발(String), 20260602(String)
2026-06-02 16:57:38.422 [scheduling-1] DEBUG selectLastSuccess - <==      Total: 0
2026-06-02 16:57:38.423 [scheduling-1] DEBUG selectForAnalyze - ==>  Preparing: SELECT CL.COLLECT_LOG_ID, CL.SERVER_ID, CL.SERVER_IP, CL.SOURCE_FILE_PATH, CL.LOG_TYPE, CL.LOG_ID, CL.LOG_TIMESTAMP, CL.LOG_CONTENT, CL.LOG_VALUE, CL.RAW_LOG, CL.COLLECT_DATE, CL.COLLECT_DATETIME, CL.SCHEDULE_TYPE, CL.LINE_NUMBER, CL.CREATED_AT FROM TB_COLLECT_LOG CL WHERE CL.COLLECT_DATE = ? AND CL.SERVER_ID = ? AND NOT EXISTS ( SELECT 1 FROM TB_ANALYZE_RESULT AR WHERE AR.COLLECT_LOG_ID = CL.COLLECT_LOG_ID ) ORDER BY CL.COLLECT_LOG_ID ASC
2026-06-02 16:57:38.424 [scheduling-1] DEBUG selectForAnalyze - ==> Parameters: 20260602(String), dlprem01-테스트개발(String)
2026-06-02 16:57:38.430 [scheduling-1] DEBUG selectForAnalyze - <==      Total: 7
